#
# There is insufficient memory for the Java Runtime Environment to continue.
# Native memory allocation (malloc) failed to allocate 2474336 bytes. Error detail: Chunk::new
# Possible reasons:
#   The system is out of physical RAM or swap space
#   This process is running with CompressedOops enabled, and the Java Heap may be blocking the growth of the native heap
# Possible solutions:
#   Reduce memory load on the system
#   Increase physical memory or swap space
#   Check if swap backing store is full
#   Decrease Java heap size (-Xmx/-Xms)
#   Decrease number of Java threads
#   Decrease Java thread stack sizes (-Xss)
#   Set larger code cache with -XX:ReservedCodeCacheSize=
#   JVM is running with Zero Based Compressed Oops mode in which the Java heap is
#     placed in the first 32GB address space. The Java Heap base address is the
#     maximum limit for the native heap growth. Please use -XX:HeapBaseMinAddress
#     to set the Java Heap base and to place the Java Heap above 32GB virtual address.
# This output file may be truncated or incomplete.
#
#  Out of Memory Error (arena.cpp:150), pid=22536, tid=11800
#
# JRE version: OpenJDK Runtime Environment (22.0.1+8) (build 22.0.1+8-16)
# Java VM: OpenJDK 64-Bit Server VM (22.0.1+8-16, mixed mode, sharing, tiered, compressed oops, compressed class ptrs, g1 gc, windows-amd64)
# No core dump will be written. Minidumps are not enabled by default on client versions of Windows
#

---------------  S U M M A R Y ------------

Command Line: -javaagent:C:\Program Files\JetBrains\IntelliJ IDEA 2022.2.3\lib\idea_rt.jar=63702:C:\Program Files\JetBrains\IntelliJ IDEA 2022.2.3\bin -Dfile.encoding=GBK -Dsun.stdout.encoding=GBK -Dsun.stderr.encoding=GBK Team.CloudStorage.EAVONE.VNETest

Host: AMD Ryzen 7 7735H with Radeon Graphics, 16 cores, 15G,  Windows 11 , 64 bit Build 22621 (10.0.22621.3672)
Time: Fri Aug  2 13:55:37 2024  Windows 11 , 64 bit Build 22621 (10.0.22621.3672) elapsed time: 975.748605 seconds (0d 0h 16m 15s)

---------------  T H R E A D  ---------------

Current thread (0x000001eaf73d45a0):  JavaThread "C2 CompilerThread0" daemon [_thread_in_native, id=11800, stack(0x00000095de800000,0x00000095de900000) (1024K)]


Current CompileTask:
C2:975748 2215 %     4       Team.CloudStorage.EAVONE.VNE::DebugVNE @ 3861 (4181 bytes)

Stack: [0x00000095de800000,0x00000095de900000]
Native frames: (J=compiled Java code, j=interpreted, Vv=VM code, C=native code)
V  [jvm.dll+0x6e2279]  (no source info available)
V  [jvm.dll+0x874e33]  (no source info available)
V  [jvm.dll+0x87725e]  (no source info available)
V  [jvm.dll+0x877933]  (no source info available)
V  [jvm.dll+0x27fd76]  (no source info available)
V  [jvm.dll+0xc3d0f]  (no source info available)
V  [jvm.dll+0xc3f6b]  (no source info available)
V  [jvm.dll+0x2f3c2f]  (no source info available)
V  [jvm.dll+0x60bc9a]  (no source info available)
V  [jvm.dll+0x249a35]  (no source info available)
V  [jvm.dll+0x246ec6]  (no source info available)
V  [jvm.dll+0x1c4e90]  (no source info available)
V  [jvm.dll+0x2569fe]  (no source info available)
V  [jvm.dll+0x254cba]  (no source info available)
V  [jvm.dll+0x3f5336]  (no source info available)
V  [jvm.dll+0x81d44b]  (no source info available)
V  [jvm.dll+0x6e0915]  (no source info available)
C  [ucrtbase.dll+0x29333]  (no source info available)
C  [KERNEL32.DLL+0x1257d]  (no source info available)
C  [ntdll.dll+0x5af28]  (no source info available)


---------------  P R O C E S S  ---------------

Threads class SMR info:
_java_thread_list=0x000001eac55ea580, length=12, elements={
0x000001ead59b2ca0, 0x000001eaf73c6770, 0x000001eaf73c7490, 0x000001eaf73ce6d0,
0x000001eaf73cf130, 0x000001eaf73cfb90, 0x000001eaf73d3b40, 0x000001eaf73d45a0,
0x000001eaf73e7780, 0x000001eac51115f0, 0x000001eac52bcb20, 0x000001eac52bf400
}

Java Threads: ( => current thread )
  0x000001ead59b2ca0 JavaThread "main"                              [_thread_in_native, id=18120, stack(0x00000095dda00000,0x00000095ddb00000) (1024K)]
  0x000001eaf73c6770 JavaThread "Reference Handler"          daemon [_thread_blocked, id=7956, stack(0x00000095de200000,0x00000095de300000) (1024K)]
  0x000001eaf73c7490 JavaThread "Finalizer"                  daemon [_thread_blocked, id=7320, stack(0x00000095de300000,0x00000095de400000) (1024K)]
  0x000001eaf73ce6d0 JavaThread "Signal Dispatcher"          daemon [_thread_blocked, id=8448, stack(0x00000095de400000,0x00000095de500000) (1024K)]
  0x000001eaf73cf130 JavaThread "Attach Listener"            daemon [_thread_blocked, id=4104, stack(0x00000095de500000,0x00000095de600000) (1024K)]
  0x000001eaf73cfb90 JavaThread "Service Thread"             daemon [_thread_blocked, id=13208, stack(0x00000095de600000,0x00000095de700000) (1024K)]
  0x000001eaf73d3b40 JavaThread "Monitor Deflation Thread"   daemon [_thread_blocked, id=14704, stack(0x00000095de700000,0x00000095de800000) (1024K)]
=>0x000001eaf73d45a0 JavaThread "C2 CompilerThread0"         daemon [_thread_in_native, id=11800, stack(0x00000095de800000,0x00000095de900000) (1024K)]
  0x000001eaf73e7780 JavaThread "C1 CompilerThread0"         daemon [_thread_blocked, id=20520, stack(0x00000095de900000,0x00000095dea00000) (1024K)]
  0x000001eac51115f0 JavaThread "Common-Cleaner"             daemon [_thread_blocked, id=9292, stack(0x00000095dea00000,0x00000095deb00000) (1024K)]
  0x000001eac52bcb20 JavaThread "Monitor Ctrl-Break"         daemon [_thread_in_native, id=9376, stack(0x00000095ded00000,0x00000095dee00000) (1024K)]
  0x000001eac52bf400 JavaThread "Notification Thread"        daemon [_thread_blocked, id=19756, stack(0x00000095dee00000,0x00000095def00000) (1024K)]
Total: 12

Other Threads:
  0x000001eaf73af560 VMThread "VM Thread"                           [id=2820, stack(0x00000095de100000,0x00000095de200000) (1024K)]
  0x000001eaf7395b80 WatcherThread "VM Periodic Task Thread"        [id=21444, stack(0x00000095de000000,0x00000095de100000) (1024K)]
  0x000001ead5a7dcd0 WorkerThread "GC Thread#0"                     [id=7000, stack(0x00000095ddb00000,0x00000095ddc00000) (1024K)]
  0x000001eac55e32d0 WorkerThread "GC Thread#1"                     [id=14004, stack(0x00000095dec00000,0x00000095ded00000) (1024K)]
  0x000001eac55e9bf0 WorkerThread "GC Thread#2"                     [id=11024, stack(0x00000095df000000,0x00000095df100000) (1024K)]
  0x000001eac55e9fa0 WorkerThread "GC Thread#3"                     [id=19000, stack(0x00000095df100000,0x00000095df200000) (1024K)]
  0x000001eac55eabe0 WorkerThread "GC Thread#4"                     [id=20780, stack(0x00000095df200000,0x00000095df300000) (1024K)]
  0x000001eac55ff130 WorkerThread "GC Thread#5"                     [id=22760, stack(0x00000095df300000,0x00000095df400000) (1024K)]
  0x000001eac5600d70 WorkerThread "GC Thread#6"                     [id=9728, stack(0x00000095df400000,0x00000095df500000) (1024K)]
  0x000001eac56039a0 WorkerThread "GC Thread#7"                     [id=20920, stack(0x00000095df500000,0x00000095df600000) (1024K)]
  0x000001ead5c6d460 WorkerThread "GC Thread#8"                     [id=19836, stack(0x00000095deb00000,0x00000095dec00000) (1024K)]
  0x000001ead5cd0e50 ConcurrentGCThread "G1 Main Marker"            [id=17540, stack(0x00000095ddc00000,0x00000095ddd00000) (1024K)]
  0x000001ead5cd2010 WorkerThread "G1 Conc#0"                       [id=23416, stack(0x00000095ddd00000,0x00000095dde00000) (1024K)]
  0x000001ead5d1e970 ConcurrentGCThread "G1 Refine#0"               [id=20808, stack(0x00000095dde00000,0x00000095ddf00000) (1024K)]
  0x000001eaf7265750 ConcurrentGCThread "G1 Service"                [id=19188, stack(0x00000095ddf00000,0x00000095de000000) (1024K)]
Total: 15

Threads with active compile tasks:
C2 CompilerThread0  975833 2215 %     4       Team.CloudStorage.EAVONE.VNE::DebugVNE @ 3861 (4181 bytes)
Total: 1

VM state: not at safepoint (normal execution)

VM Mutex/Monitor currently owned by a thread: None

Heap address: 0x000000070c200000, size: 3902 MB, Compressed Oops mode: Zero based, Oop shift amount: 3

CDS archive(s) mapped at: [0x000001ea80000000-0x000001ea80c50000-0x000001ea80c50000), size 12910592, SharedBaseAddress: 0x000001ea80000000, ArchiveRelocationMode: 1.
Compressed class space mapped at: 0x000001ea81000000-0x000001eac1000000, reserved size: 1073741824
Narrow klass base: 0x000001ea80000000, Narrow klass shift: 0, Narrow klass range: 0x41000000

GC Precious Log:
 CardTable entry size: 512
 Card Set container configuration: InlinePtr #cards 4 size 8 Array Of Cards #cards 16 size 48 Howl #buckets 8 coarsen threshold 3686 Howl Bitmap #cards 512 size 80 coarsen threshold 460 Card regions per heap region 1 cards per card region 4096
 CPUs: 16 total, 16 available
 Memory: 15607M
 Large Page Support: Disabled
 NUMA Support: Disabled
 Compressed Oops: Enabled (Zero based)
 Heap Region Size: 2M
 Heap Min Capacity: 8M
 Heap Initial Capacity: 244M
 Heap Max Capacity: 3902M
 Pre-touch: Disabled
 Parallel Workers: 13
 Concurrent Workers: 3
 Concurrent Refinement Workers: 13
 Periodic GC: Disabled

Heap:
 garbage-first heap   total reserved 3995648K, committed 249856K, used 54527K [0x000000070c200000, 0x0000000800000000)
  region size 2048K, 28 young (57344K), 2 survivors (4096K)
 Metaspace       used 3825K, committed 4352K, reserved 1114112K
  class space    used 333K, committed 576K, reserved 1048576K

Heap Regions: E=young(eden), S=young(survivor), O=old, HS=humongous(starts), HC=humongous(continues), CS=collection set, F=free, TAMS=top-at-mark-start, PB=parsable bottom
|   0|0x000000070c200000, 0x000000070c200000, 0x000000070c400000|  0%| F|  |TAMS 0x000000070c200000| PB 0x000000070c200000| Untracked |  0
|   1|0x000000070c400000, 0x000000070c400000, 0x000000070c600000|  0%| F|  |TAMS 0x000000070c400000| PB 0x000000070c400000| Untracked |  0
|   2|0x000000070c600000, 0x000000070c600000, 0x000000070c800000|  0%| F|  |TAMS 0x000000070c600000| PB 0x000000070c600000| Untracked |  0
|   3|0x000000070c800000, 0x000000070c800000, 0x000000070ca00000|  0%| F|  |TAMS 0x000000070c800000| PB 0x000000070c800000| Untracked |  0
|   4|0x000000070ca00000, 0x000000070ca00000, 0x000000070cc00000|  0%| F|  |TAMS 0x000000070ca00000| PB 0x000000070ca00000| Untracked |  0
|   5|0x000000070cc00000, 0x000000070cc00000, 0x000000070ce00000|  0%| F|  |TAMS 0x000000070cc00000| PB 0x000000070cc00000| Untracked |  0
|   6|0x000000070ce00000, 0x000000070ce00000, 0x000000070d000000|  0%| F|  |TAMS 0x000000070ce00000| PB 0x000000070ce00000| Untracked |  0
|   7|0x000000070d000000, 0x000000070d000000, 0x000000070d200000|  0%| F|  |TAMS 0x000000070d000000| PB 0x000000070d000000| Untracked |  0
|   8|0x000000070d200000, 0x000000070d200000, 0x000000070d400000|  0%| F|  |TAMS 0x000000070d200000| PB 0x000000070d200000| Untracked |  0
|   9|0x000000070d400000, 0x000000070d400000, 0x000000070d600000|  0%| F|  |TAMS 0x000000070d400000| PB 0x000000070d400000| Untracked |  0
|  10|0x000000070d600000, 0x000000070d600000, 0x000000070d800000|  0%| F|  |TAMS 0x000000070d600000| PB 0x000000070d600000| Untracked |  0
|  11|0x000000070d800000, 0x000000070d800000, 0x000000070da00000|  0%| F|  |TAMS 0x000000070d800000| PB 0x000000070d800000| Untracked |  0
|  12|0x000000070da00000, 0x000000070da00000, 0x000000070dc00000|  0%| F|  |TAMS 0x000000070da00000| PB 0x000000070da00000| Untracked |  0
|  13|0x000000070dc00000, 0x000000070dc00000, 0x000000070de00000|  0%| F|  |TAMS 0x000000070dc00000| PB 0x000000070dc00000| Untracked |  0
|  14|0x000000070de00000, 0x000000070de00000, 0x000000070e000000|  0%| F|  |TAMS 0x000000070de00000| PB 0x000000070de00000| Untracked |  0
|  15|0x000000070e000000, 0x000000070e000000, 0x000000070e200000|  0%| F|  |TAMS 0x000000070e000000| PB 0x000000070e000000| Untracked |  0
|  16|0x000000070e200000, 0x000000070e200000, 0x000000070e400000|  0%| F|  |TAMS 0x000000070e200000| PB 0x000000070e200000| Untracked |  0
|  17|0x000000070e400000, 0x000000070e400000, 0x000000070e600000|  0%| F|  |TAMS 0x000000070e400000| PB 0x000000070e400000| Untracked |  0
|  18|0x000000070e600000, 0x000000070e600000, 0x000000070e800000|  0%| F|  |TAMS 0x000000070e600000| PB 0x000000070e600000| Untracked |  0
|  19|0x000000070e800000, 0x000000070e800000, 0x000000070ea00000|  0%| F|  |TAMS 0x000000070e800000| PB 0x000000070e800000| Untracked |  0
|  20|0x000000070ea00000, 0x000000070ea00000, 0x000000070ec00000|  0%| F|  |TAMS 0x000000070ea00000| PB 0x000000070ea00000| Untracked |  0
|  21|0x000000070ec00000, 0x000000070ec00000, 0x000000070ee00000|  0%| F|  |TAMS 0x000000070ec00000| PB 0x000000070ec00000| Untracked |  0
|  22|0x000000070ee00000, 0x000000070ee00000, 0x000000070f000000|  0%| F|  |TAMS 0x000000070ee00000| PB 0x000000070ee00000| Untracked |  0
|  23|0x000000070f000000, 0x000000070f000000, 0x000000070f200000|  0%| F|  |TAMS 0x000000070f000000| PB 0x000000070f000000| Untracked |  0
|  24|0x000000070f200000, 0x000000070f200000, 0x000000070f400000|  0%| F|  |TAMS 0x000000070f200000| PB 0x000000070f200000| Untracked |  0
|  25|0x000000070f400000, 0x000000070f400000, 0x000000070f600000|  0%| F|  |TAMS 0x000000070f400000| PB 0x000000070f400000| Untracked |  0
|  26|0x000000070f600000, 0x000000070f600000, 0x000000070f800000|  0%| F|  |TAMS 0x000000070f600000| PB 0x000000070f600000| Untracked |  0
|  27|0x000000070f800000, 0x000000070f800000, 0x000000070fa00000|  0%| F|  |TAMS 0x000000070f800000| PB 0x000000070f800000| Untracked |  0
|  28|0x000000070fa00000, 0x000000070fa00000, 0x000000070fc00000|  0%| F|  |TAMS 0x000000070fa00000| PB 0x000000070fa00000| Untracked |  0
|  29|0x000000070fc00000, 0x000000070fc00000, 0x000000070fe00000|  0%| F|  |TAMS 0x000000070fc00000| PB 0x000000070fc00000| Untracked |  0
|  30|0x000000070fe00000, 0x000000070fe00000, 0x0000000710000000|  0%| F|  |TAMS 0x000000070fe00000| PB 0x000000070fe00000| Untracked |  0
|  31|0x0000000710000000, 0x0000000710000000, 0x0000000710200000|  0%| F|  |TAMS 0x0000000710000000| PB 0x0000000710000000| Untracked |  0
|  32|0x0000000710200000, 0x0000000710200000, 0x0000000710400000|  0%| F|  |TAMS 0x0000000710200000| PB 0x0000000710200000| Untracked |  0
|  33|0x0000000710400000, 0x0000000710400000, 0x0000000710600000|  0%| F|  |TAMS 0x0000000710400000| PB 0x0000000710400000| Untracked |  0
|  34|0x0000000710600000, 0x0000000710600000, 0x0000000710800000|  0%| F|  |TAMS 0x0000000710600000| PB 0x0000000710600000| Untracked |  0
|  35|0x0000000710800000, 0x0000000710800000, 0x0000000710a00000|  0%| F|  |TAMS 0x0000000710800000| PB 0x0000000710800000| Untracked |  0
|  36|0x0000000710a00000, 0x0000000710a00000, 0x0000000710c00000|  0%| F|  |TAMS 0x0000000710a00000| PB 0x0000000710a00000| Untracked |  0
|  37|0x0000000710c00000, 0x0000000710c00000, 0x0000000710e00000|  0%| F|  |TAMS 0x0000000710c00000| PB 0x0000000710c00000| Untracked |  0
|  38|0x0000000710e00000, 0x0000000710e00000, 0x0000000711000000|  0%| F|  |TAMS 0x0000000710e00000| PB 0x0000000710e00000| Untracked |  0
|  39|0x0000000711000000, 0x0000000711000000, 0x0000000711200000|  0%| F|  |TAMS 0x0000000711000000| PB 0x0000000711000000| Untracked |  0
|  40|0x0000000711200000, 0x0000000711200000, 0x0000000711400000|  0%| F|  |TAMS 0x0000000711200000| PB 0x0000000711200000| Untracked |  0
|  41|0x0000000711400000, 0x0000000711400000, 0x0000000711600000|  0%| F|  |TAMS 0x0000000711400000| PB 0x0000000711400000| Untracked |  0
|  42|0x0000000711600000, 0x0000000711600000, 0x0000000711800000|  0%| F|  |TAMS 0x0000000711600000| PB 0x0000000711600000| Untracked |  0
|  43|0x0000000711800000, 0x0000000711800000, 0x0000000711a00000|  0%| F|  |TAMS 0x0000000711800000| PB 0x0000000711800000| Untracked |  0
|  44|0x0000000711a00000, 0x0000000711a00000, 0x0000000711c00000|  0%| F|  |TAMS 0x0000000711a00000| PB 0x0000000711a00000| Untracked |  0
|  45|0x0000000711c00000, 0x0000000711c00000, 0x0000000711e00000|  0%| F|  |TAMS 0x0000000711c00000| PB 0x0000000711c00000| Untracked |  0
|  46|0x0000000711e00000, 0x0000000711e00000, 0x0000000712000000|  0%| F|  |TAMS 0x0000000711e00000| PB 0x0000000711e00000| Untracked |  0
|  47|0x0000000712000000, 0x000000071213fe18, 0x0000000712200000| 62%| S|CS|TAMS 0x0000000712000000| PB 0x0000000712000000| Complete |  0
|  48|0x0000000712200000, 0x0000000712400000, 0x0000000712400000|100%| S|CS|TAMS 0x0000000712200000| PB 0x0000000712200000| Complete |  0
|  49|0x0000000712400000, 0x0000000712400000, 0x0000000712600000|  0%| F|  |TAMS 0x0000000712400000| PB 0x0000000712400000| Untracked |  0
|  50|0x0000000712600000, 0x0000000712600000, 0x0000000712800000|  0%| F|  |TAMS 0x0000000712600000| PB 0x0000000712600000| Untracked |  0
|  51|0x0000000712800000, 0x0000000712800000, 0x0000000712a00000|  0%| F|  |TAMS 0x0000000712800000| PB 0x0000000712800000| Untracked |  0
|  52|0x0000000712a00000, 0x0000000712a00000, 0x0000000712c00000|  0%| F|  |TAMS 0x0000000712a00000| PB 0x0000000712a00000| Untracked |  0
|  53|0x0000000712c00000, 0x0000000712c00000, 0x0000000712e00000|  0%| F|  |TAMS 0x0000000712c00000| PB 0x0000000712c00000| Untracked |  0
|  54|0x0000000712e00000, 0x0000000712e00000, 0x0000000713000000|  0%| F|  |TAMS 0x0000000712e00000| PB 0x0000000712e00000| Untracked |  0
|  55|0x0000000713000000, 0x0000000713000000, 0x0000000713200000|  0%| F|  |TAMS 0x0000000713000000| PB 0x0000000713000000| Untracked |  0
|  56|0x0000000713200000, 0x0000000713200000, 0x0000000713400000|  0%| F|  |TAMS 0x0000000713200000| PB 0x0000000713200000| Untracked |  0
|  57|0x0000000713400000, 0x0000000713400000, 0x0000000713600000|  0%| F|  |TAMS 0x0000000713400000| PB 0x0000000713400000| Untracked |  0
|  58|0x0000000713600000, 0x0000000713600000, 0x0000000713800000|  0%| F|  |TAMS 0x0000000713600000| PB 0x0000000713600000| Untracked |  0
|  59|0x0000000713800000, 0x0000000713800000, 0x0000000713a00000|  0%| F|  |TAMS 0x0000000713800000| PB 0x0000000713800000| Untracked |  0
|  60|0x0000000713a00000, 0x0000000713a00000, 0x0000000713c00000|  0%| F|  |TAMS 0x0000000713a00000| PB 0x0000000713a00000| Untracked |  0
|  61|0x0000000713c00000, 0x0000000713c00000, 0x0000000713e00000|  0%| F|  |TAMS 0x0000000713c00000| PB 0x0000000713c00000| Untracked |  0
|  62|0x0000000713e00000, 0x0000000713e00000, 0x0000000714000000|  0%| F|  |TAMS 0x0000000713e00000| PB 0x0000000713e00000| Untracked |  0
|  63|0x0000000714000000, 0x0000000714000000, 0x0000000714200000|  0%| F|  |TAMS 0x0000000714000000| PB 0x0000000714000000| Untracked |  0
|  64|0x0000000714200000, 0x0000000714200000, 0x0000000714400000|  0%| F|  |TAMS 0x0000000714200000| PB 0x0000000714200000| Untracked |  0
|  65|0x0000000714400000, 0x0000000714400000, 0x0000000714600000|  0%| F|  |TAMS 0x0000000714400000| PB 0x0000000714400000| Untracked |  0
|  66|0x0000000714600000, 0x0000000714600000, 0x0000000714800000|  0%| F|  |TAMS 0x0000000714600000| PB 0x0000000714600000| Untracked |  0
|  67|0x0000000714800000, 0x0000000714800000, 0x0000000714a00000|  0%| F|  |TAMS 0x0000000714800000| PB 0x0000000714800000| Untracked |  0
|  68|0x0000000714a00000, 0x0000000714a00000, 0x0000000714c00000|  0%| F|  |TAMS 0x0000000714a00000| PB 0x0000000714a00000| Untracked |  0
|  69|0x0000000714c00000, 0x0000000714c00000, 0x0000000714e00000|  0%| F|  |TAMS 0x0000000714c00000| PB 0x0000000714c00000| Untracked |  0
|  70|0x0000000714e00000, 0x0000000714e00000, 0x0000000715000000|  0%| F|  |TAMS 0x0000000714e00000| PB 0x0000000714e00000| Untracked |  0
|  71|0x0000000715000000, 0x0000000715000000, 0x0000000715200000|  0%| F|  |TAMS 0x0000000715000000| PB 0x0000000715000000| Untracked |  0
|  72|0x0000000715200000, 0x0000000715200000, 0x0000000715400000|  0%| F|  |TAMS 0x0000000715200000| PB 0x0000000715200000| Untracked |  0
|  73|0x0000000715400000, 0x0000000715400000, 0x0000000715600000|  0%| F|  |TAMS 0x0000000715400000| PB 0x0000000715400000| Untracked |  0
|  74|0x0000000715600000, 0x0000000715600000, 0x0000000715800000|  0%| F|  |TAMS 0x0000000715600000| PB 0x0000000715600000| Untracked |  0
|  75|0x0000000715800000, 0x0000000715800000, 0x0000000715a00000|  0%| F|  |TAMS 0x0000000715800000| PB 0x0000000715800000| Untracked |  0
|  76|0x0000000715a00000, 0x0000000715a00000, 0x0000000715c00000|  0%| F|  |TAMS 0x0000000715a00000| PB 0x0000000715a00000| Untracked |  0
|  77|0x0000000715c00000, 0x0000000715c00000, 0x0000000715e00000|  0%| F|  |TAMS 0x0000000715c00000| PB 0x0000000715c00000| Untracked |  0
|  78|0x0000000715e00000, 0x0000000715e00000, 0x0000000716000000|  0%| F|  |TAMS 0x0000000715e00000| PB 0x0000000715e00000| Untracked |  0
|  79|0x0000000716000000, 0x0000000716000000, 0x0000000716200000|  0%| F|  |TAMS 0x0000000716000000| PB 0x0000000716000000| Untracked |  0
|  80|0x0000000716200000, 0x0000000716200000, 0x0000000716400000|  0%| F|  |TAMS 0x0000000716200000| PB 0x0000000716200000| Untracked |  0
|  81|0x0000000716400000, 0x0000000716400000, 0x0000000716600000|  0%| F|  |TAMS 0x0000000716400000| PB 0x0000000716400000| Untracked |  0
|  82|0x0000000716600000, 0x0000000716600000, 0x0000000716800000|  0%| F|  |TAMS 0x0000000716600000| PB 0x0000000716600000| Untracked |  0
|  83|0x0000000716800000, 0x0000000716800000, 0x0000000716a00000|  0%| F|  |TAMS 0x0000000716800000| PB 0x0000000716800000| Untracked |  0
|  84|0x0000000716a00000, 0x0000000716a00000, 0x0000000716c00000|  0%| F|  |TAMS 0x0000000716a00000| PB 0x0000000716a00000| Untracked |  0
|  85|0x0000000716c00000, 0x0000000716c00000, 0x0000000716e00000|  0%| F|  |TAMS 0x0000000716c00000| PB 0x0000000716c00000| Untracked |  0
|  86|0x0000000716e00000, 0x0000000716e00000, 0x0000000717000000|  0%| F|  |TAMS 0x0000000716e00000| PB 0x0000000716e00000| Untracked |  0
|  87|0x0000000717000000, 0x0000000717000000, 0x0000000717200000|  0%| F|  |TAMS 0x0000000717000000| PB 0x0000000717000000| Untracked |  0
|  88|0x0000000717200000, 0x0000000717200000, 0x0000000717400000|  0%| F|  |TAMS 0x0000000717200000| PB 0x0000000717200000| Untracked |  0
|  89|0x0000000717400000, 0x0000000717400000, 0x0000000717600000|  0%| F|  |TAMS 0x0000000717400000| PB 0x0000000717400000| Untracked |  0
|  90|0x0000000717600000, 0x0000000717600000, 0x0000000717800000|  0%| F|  |TAMS 0x0000000717600000| PB 0x0000000717600000| Untracked |  0
|  91|0x0000000717800000, 0x0000000717800000, 0x0000000717a00000|  0%| F|  |TAMS 0x0000000717800000| PB 0x0000000717800000| Untracked |  0
|  92|0x0000000717a00000, 0x0000000717a00000, 0x0000000717c00000|  0%| F|  |TAMS 0x0000000717a00000| PB 0x0000000717a00000| Untracked |  0
|  93|0x0000000717c00000, 0x0000000717c00000, 0x0000000717e00000|  0%| F|  |TAMS 0x0000000717c00000| PB 0x0000000717c00000| Untracked |  0
|  94|0x0000000717e00000, 0x0000000717e00000, 0x0000000718000000|  0%| F|  |TAMS 0x0000000717e00000| PB 0x0000000717e00000| Untracked |  0
|  95|0x0000000718000000, 0x0000000718000000, 0x0000000718200000|  0%| F|  |TAMS 0x0000000718000000| PB 0x0000000718000000| Untracked |  0
|  96|0x0000000718200000, 0x0000000718400000, 0x0000000718400000|100%| E|  |TAMS 0x0000000718200000| PB 0x0000000718200000| Complete |  0
|  97|0x0000000718400000, 0x0000000718600000, 0x0000000718600000|100%| E|CS|TAMS 0x0000000718400000| PB 0x0000000718400000| Complete |  0
|  98|0x0000000718600000, 0x0000000718800000, 0x0000000718800000|100%| E|CS|TAMS 0x0000000718600000| PB 0x0000000718600000| Complete |  0
|  99|0x0000000718800000, 0x0000000718a00000, 0x0000000718a00000|100%| E|CS|TAMS 0x0000000718800000| PB 0x0000000718800000| Complete |  0
| 100|0x0000000718a00000, 0x0000000718c00000, 0x0000000718c00000|100%| E|CS|TAMS 0x0000000718a00000| PB 0x0000000718a00000| Complete |  0
| 101|0x0000000718c00000, 0x0000000718e00000, 0x0000000718e00000|100%| E|CS|TAMS 0x0000000718c00000| PB 0x0000000718c00000| Complete |  0
| 102|0x0000000718e00000, 0x0000000719000000, 0x0000000719000000|100%| E|CS|TAMS 0x0000000718e00000| PB 0x0000000718e00000| Complete |  0
| 103|0x0000000719000000, 0x0000000719200000, 0x0000000719200000|100%| E|CS|TAMS 0x0000000719000000| PB 0x0000000719000000| Complete |  0
| 104|0x0000000719200000, 0x0000000719400000, 0x0000000719400000|100%| E|CS|TAMS 0x0000000719200000| PB 0x0000000719200000| Complete |  0
| 105|0x0000000719400000, 0x0000000719600000, 0x0000000719600000|100%| E|CS|TAMS 0x0000000719400000| PB 0x0000000719400000| Complete |  0
| 106|0x0000000719600000, 0x0000000719800000, 0x0000000719800000|100%| E|CS|TAMS 0x0000000719600000| PB 0x0000000719600000| Complete |  0
| 107|0x0000000719800000, 0x0000000719a00000, 0x0000000719a00000|100%| E|CS|TAMS 0x0000000719800000| PB 0x0000000719800000| Complete |  0
| 108|0x0000000719a00000, 0x0000000719c00000, 0x0000000719c00000|100%| E|CS|TAMS 0x0000000719a00000| PB 0x0000000719a00000| Complete |  0
| 109|0x0000000719c00000, 0x0000000719e00000, 0x0000000719e00000|100%| E|CS|TAMS 0x0000000719c00000| PB 0x0000000719c00000| Complete |  0
| 110|0x0000000719e00000, 0x000000071a000000, 0x000000071a000000|100%| E|CS|TAMS 0x0000000719e00000| PB 0x0000000719e00000| Complete |  0
| 111|0x000000071a000000, 0x000000071a200000, 0x000000071a200000|100%| E|CS|TAMS 0x000000071a000000| PB 0x000000071a000000| Complete |  0
| 112|0x000000071a200000, 0x000000071a400000, 0x000000071a400000|100%| E|CS|TAMS 0x000000071a200000| PB 0x000000071a200000| Complete |  0
| 113|0x000000071a400000, 0x000000071a600000, 0x000000071a600000|100%| E|CS|TAMS 0x000000071a400000| PB 0x000000071a400000| Complete |  0
| 114|0x000000071a600000, 0x000000071a800000, 0x000000071a800000|100%| E|CS|TAMS 0x000000071a600000| PB 0x000000071a600000| Complete |  0
| 115|0x000000071a800000, 0x000000071aa00000, 0x000000071aa00000|100%| E|CS|TAMS 0x000000071a800000| PB 0x000000071a800000| Complete |  0
| 116|0x000000071aa00000, 0x000000071ac00000, 0x000000071ac00000|100%| E|CS|TAMS 0x000000071aa00000| PB 0x000000071aa00000| Complete |  0
| 117|0x000000071ac00000, 0x000000071ae00000, 0x000000071ae00000|100%| E|CS|TAMS 0x000000071ac00000| PB 0x000000071ac00000| Complete |  0
| 118|0x000000071ae00000, 0x000000071b000000, 0x000000071b000000|100%| E|CS|TAMS 0x000000071ae00000| PB 0x000000071ae00000| Complete |  0
| 119|0x000000071b000000, 0x000000071b200000, 0x000000071b200000|100%| E|CS|TAMS 0x000000071b000000| PB 0x000000071b000000| Complete |  0
| 120|0x000000071b200000, 0x000000071b400000, 0x000000071b400000|100%| E|CS|TAMS 0x000000071b200000| PB 0x000000071b200000| Complete |  0
| 121|0x000000071b400000, 0x000000071b600000, 0x000000071b600000|100%| E|CS|TAMS 0x000000071b400000| PB 0x000000071b400000| Complete |  0

Card table byte_map: [0x000001eaefed0000,0x000001eaf0670000] _byte_map_base: 0x000001eaec66f000

Marking Bits: (CMBitMap*) 0x000001ead5a7e3e0
 Bits: [0x000001eaf0670000, 0x000001eaf4368000)

Polling page: 0x000001ead5d20000

Metaspace:

Usage:
  Non-class:      3.41 MB used.
      Class:    333.12 KB used.
       Both:      3.74 MB used.

Virtual space:
  Non-class space:       64.00 MB reserved,       3.69 MB (  6%) committed,  1 nodes.
      Class space:        1.00 GB reserved,     576.00 KB ( <1%) committed,  1 nodes.
             Both:        1.06 GB reserved,       4.25 MB ( <1%) committed. 

Chunk freelists:
   Non-Class:  10.72 MB
       Class:  15.38 MB
        Both:  26.11 MB

MaxMetaspaceSize: unlimited
CompressedClassSpaceSize: 1.00 GB
Initial GC threshold: 21.00 MB
Current GC threshold: 21.00 MB
CDS: on
 - commit_granule_bytes: 65536.
 - commit_granule_words: 8192.
 - virtual_space_node_default_size: 8388608.
 - enlarge_chunks_in_place: 1.
 - use_allocation_guard: 0.


Internal statistics:

num_allocs_failed_limit: 0.
num_arena_births: 670.
num_arena_deaths: 0.
num_vsnodes_births: 2.
num_vsnodes_deaths: 0.
num_space_committed: 68.
num_space_uncommitted: 0.
num_chunks_returned_to_freelist: 0.
num_chunks_taken_from_freelist: 892.
num_chunk_merges: 0.
num_chunk_splits: 535.
num_chunks_enlarged: 187.
num_inconsistent_stats: 0.

CodeHeap 'non-profiled nmethods': size=119168Kb used=6854Kb max_used=6854Kb free=112313Kb
 bounds [0x000001eae7320000, 0x000001eae79e0000, 0x000001eaee780000]
CodeHeap 'profiled nmethods': size=119104Kb used=4365Kb max_used=4365Kb free=114738Kb
 bounds [0x000001eadf780000, 0x000001eadfbd0000, 0x000001eae6bd0000]
CodeHeap 'non-nmethods': size=7488Kb used=1512Kb max_used=3162Kb free=5975Kb
 bounds [0x000001eae6bd0000, 0x000001eae6ef0000, 0x000001eae7320000]
 total_blobs=2796 nmethods=2210 adapters=491
 compilation: enabled
              stopped_count=0, restarted_count=0
 full_count=0

Compilation events (20 events):
Event: 915.670 Thread 0x000001eaf73d45a0 2206       4       java.text.DateFormatSymbols::getProviderInstance (37 bytes)
Event: 915.678 Thread 0x000001eaf73e7780 nmethod 2205 0x000001eadfb91790 code [0x000001eadfb92760, 0x000001eadfb9ba80]
Event: 915.678 Thread 0x000001eaf73d45a0 nmethod 2206 0x000001eae795da90 code [0x000001eae795dcc0, 0x000001eae795e318]
Event: 916.036 Thread 0x000001eaf73e7780 2207       3       Team.CloudStorage.EAVONE.VONEByLin::AddLinksMapBy01ILPLin (2111 bytes)
Event: 916.060 Thread 0x000001eaf73e7780 nmethod 2207 0x000001eadfb9fb90 code [0x000001eadfba1e40, 0x000001eadfbb7dd0]
Event: 926.447 Thread 0x000001eaf73d45a0 2208       4       java.util.Locale::getUnicodeLocaleType (55 bytes)
Event: 926.450 Thread 0x000001eaf73d45a0 nmethod 2208 0x000001eae795ea90 code [0x000001eae795ec20, 0x000001eae795eea0]
Event: 939.043 Thread 0x000001eaf73d45a0 2209       4       java.text.DateFormatSymbols::initializeData (342 bytes)
Event: 939.063 Thread 0x000001eaf73d45a0 nmethod 2209 0x000001eae795f110 code [0x000001eae795f360, 0x000001eae79605b0]
Event: 959.923 Thread 0x000001eaf73d45a0 2210 %     4       Team.CloudStorage.EAVONE.VNE::DebugVNE @ 3492 (4181 bytes)
Event: 960.775 Thread 0x000001eaf73d45a0 nmethod 2210% 0x000001eae7960c90 code [0x000001eae79623e0, 0x000001eae7975e80]
Event: 972.944 Thread 0x000001eaf73d45a0 2211 %     4       Team.CloudStorage.EAVONE.VNE::DebugVNE @ 3576 (4181 bytes)
Event: 973.753 Thread 0x000001eaf73d45a0 nmethod 2211% 0x000001eae7986110 code [0x000001eae7987860, 0x000001eae799b320]
Event: 974.394 Thread 0x000001eaf73e7780 2212       3       java.util.LinkedList$ListItr::next (56 bytes)
Event: 974.394 Thread 0x000001eaf73e7780 nmethod 2212 0x000001eadfbc2890 code [0x000001eadfbc2a80, 0x000001eadfbc2f08]
Event: 974.394 Thread 0x000001eaf73e7780 2213       3       java.util.LinkedList$ListItr::checkForComodification (23 bytes)
Event: 974.394 Thread 0x000001eaf73e7780 nmethod 2213 0x000001eadfbc3090 code [0x000001eadfbc3240, 0x000001eadfbc3408]
Event: 974.394 Thread 0x000001eaf73d45a0 2214 %     4       Team.CloudStorage.EAVONE.VNE::DebugVNE @ 3540 (4181 bytes)
Event: 975.322 Thread 0x000001eaf73d45a0 nmethod 2214% 0x000001eae79ab610 code [0x000001eae79acd60, 0x000001eae79c1218]
Event: 975.405 Thread 0x000001eaf73d45a0 2215 %     4       Team.CloudStorage.EAVONE.VNE::DebugVNE @ 3861 (4181 bytes)

GC Heap History (20 events):
Event: 132.979 GC heap before
{Heap before GC invocations=3 (full 0):
 garbage-first heap   total reserved 3995648K, committed 249856K, used 146371K [0x000000070c200000, 0x0000000800000000)
  region size 2048K, 73 young (149504K), 2 survivors (4096K)
 Metaspace       used 3370K, committed 3840K, reserved 1114112K
  class space    used 283K, committed 512K, reserved 1048576K
}
Event: 132.982 GC heap after
{Heap after GC invocations=4 (full 0):
 garbage-first heap   total reserved 3995648K, committed 249856K, used 2924K [0x000000070c200000, 0x0000000800000000)
  region size 2048K, 2 young (4096K), 2 survivors (4096K)
 Metaspace       used 3370K, committed 3840K, reserved 1114112K
  class space    used 283K, committed 512K, reserved 1048576K
}
Event: 187.682 GC heap before
{Heap before GC invocations=4 (full 0):
 garbage-first heap   total reserved 3995648K, committed 249856K, used 148332K [0x000000070c200000, 0x0000000800000000)
  region size 2048K, 73 young (149504K), 2 survivors (4096K)
 Metaspace       used 3436K, committed 3904K, reserved 1114112K
  class space    used 284K, committed 512K, reserved 1048576K
}
Event: 187.685 GC heap after
{Heap after GC invocations=5 (full 0):
 garbage-first heap   total reserved 3995648K, committed 249856K, used 3147K [0x000000070c200000, 0x0000000800000000)
  region size 2048K, 2 young (4096K), 2 survivors (4096K)
 Metaspace       used 3436K, committed 3904K, reserved 1114112K
  class space    used 284K, committed 512K, reserved 1048576K
}
Event: 256.576 GC heap before
{Heap before GC invocations=5 (full 0):
 garbage-first heap   total reserved 3995648K, committed 249856K, used 148555K [0x000000070c200000, 0x0000000800000000)
  region size 2048K, 73 young (149504K), 2 survivors (4096K)
 Metaspace       used 3489K, committed 3968K, reserved 1114112K
  class space    used 284K, committed 512K, reserved 1048576K
}
Event: 256.580 GC heap after
{Heap after GC invocations=6 (full 0):
 garbage-first heap   total reserved 3995648K, committed 249856K, used 3260K [0x000000070c200000, 0x0000000800000000)
  region size 2048K, 2 young (4096K), 2 survivors (4096K)
 Metaspace       used 3489K, committed 3968K, reserved 1114112K
  class space    used 284K, committed 512K, reserved 1048576K
}
Event: 339.600 GC heap before
{Heap before GC invocations=6 (full 0):
 garbage-first heap   total reserved 3995648K, committed 249856K, used 148668K [0x000000070c200000, 0x0000000800000000)
  region size 2048K, 73 young (149504K), 2 survivors (4096K)
 Metaspace       used 3489K, committed 3968K, reserved 1114112K
  class space    used 284K, committed 512K, reserved 1048576K
}
Event: 339.604 GC heap after
{Heap after GC invocations=7 (full 0):
 garbage-first heap   total reserved 3995648K, committed 249856K, used 3047K [0x000000070c200000, 0x0000000800000000)
  region size 2048K, 2 young (4096K), 2 survivors (4096K)
 Metaspace       used 3489K, committed 3968K, reserved 1114112K
  class space    used 284K, committed 512K, reserved 1048576K
}
Event: 399.318 GC heap before
{Heap before GC invocations=7 (full 0):
 garbage-first heap   total reserved 3995648K, committed 249856K, used 148455K [0x000000070c200000, 0x0000000800000000)
  region size 2048K, 73 young (149504K), 2 survivors (4096K)
 Metaspace       used 3748K, committed 4288K, reserved 1114112K
  class space    used 327K, committed 576K, reserved 1048576K
}
Event: 399.321 GC heap after
{Heap after GC invocations=8 (full 0):
 garbage-first heap   total reserved 3995648K, committed 249856K, used 3151K [0x000000070c200000, 0x0000000800000000)
  region size 2048K, 2 young (4096K), 2 survivors (4096K)
 Metaspace       used 3748K, committed 4288K, reserved 1114112K
  class space    used 327K, committed 576K, reserved 1048576K
}
Event: 524.740 GC heap before
{Heap before GC invocations=8 (full 0):
 garbage-first heap   total reserved 3995648K, committed 249856K, used 148559K [0x000000070c200000, 0x0000000800000000)
  region size 2048K, 73 young (149504K), 2 survivors (4096K)
 Metaspace       used 3790K, committed 4288K, reserved 1114112K
  class space    used 333K, committed 576K, reserved 1048576K
}
Event: 524.742 GC heap after
{Heap after GC invocations=9 (full 0):
 garbage-first heap   total reserved 3995648K, committed 249856K, used 3316K [0x000000070c200000, 0x0000000800000000)
  region size 2048K, 2 young (4096K), 2 survivors (4096K)
 Metaspace       used 3790K, committed 4288K, reserved 1114112K
  class space    used 333K, committed 576K, reserved 1048576K
}
Event: 637.892 GC heap before
{Heap before GC invocations=9 (full 0):
 garbage-first heap   total reserved 3995648K, committed 249856K, used 148724K [0x000000070c200000, 0x0000000800000000)
  region size 2048K, 73 young (149504K), 2 survivors (4096K)
 Metaspace       used 3791K, committed 4288K, reserved 1114112K
  class space    used 333K, committed 576K, reserved 1048576K
}
Event: 637.895 GC heap after
{Heap after GC invocations=10 (full 0):
 garbage-first heap   total reserved 3995648K, committed 249856K, used 3203K [0x000000070c200000, 0x0000000800000000)
  region size 2048K, 2 young (4096K), 2 survivors (4096K)
 Metaspace       used 3791K, committed 4288K, reserved 1114112K
  class space    used 333K, committed 576K, reserved 1048576K
}
Event: 737.513 GC heap before
{Heap before GC invocations=10 (full 0):
 garbage-first heap   total reserved 3995648K, committed 249856K, used 148611K [0x000000070c200000, 0x0000000800000000)
  region size 2048K, 73 young (149504K), 2 survivors (4096K)
 Metaspace       used 3807K, committed 4352K, reserved 1114112K
  class space    used 333K, committed 576K, reserved 1048576K
}
Event: 737.516 GC heap after
{Heap after GC invocations=11 (full 0):
 garbage-first heap   total reserved 3995648K, committed 249856K, used 3303K [0x000000070c200000, 0x0000000800000000)
  region size 2048K, 2 young (4096K), 2 survivors (4096K)
 Metaspace       used 3807K, committed 4352K, reserved 1114112K
  class space    used 333K, committed 576K, reserved 1048576K
}
Event: 860.850 GC heap before
{Heap before GC invocations=11 (full 0):
 garbage-first heap   total reserved 3995648K, committed 249856K, used 148711K [0x000000070c200000, 0x0000000800000000)
  region size 2048K, 73 young (149504K), 2 survivors (4096K)
 Metaspace       used 3809K, committed 4352K, reserved 1114112K
  class space    used 333K, committed 576K, reserved 1048576K
}
Event: 860.853 GC heap after
{Heap after GC invocations=12 (full 0):
 garbage-first heap   total reserved 3995648K, committed 249856K, used 3312K [0x000000070c200000, 0x0000000800000000)
  region size 2048K, 2 young (4096K), 2 survivors (4096K)
 Metaspace       used 3809K, committed 4352K, reserved 1114112K
  class space    used 333K, committed 576K, reserved 1048576K
}
Event: 956.361 GC heap before
{Heap before GC invocations=12 (full 0):
 garbage-first heap   total reserved 3995648K, committed 249856K, used 148720K [0x000000070c200000, 0x0000000800000000)
  region size 2048K, 73 young (149504K), 2 survivors (4096K)
 Metaspace       used 3824K, committed 4352K, reserved 1114112K
  class space    used 333K, committed 576K, reserved 1048576K
}
Event: 956.364 GC heap after
{Heap after GC invocations=13 (full 0):
 garbage-first heap   total reserved 3995648K, committed 249856K, used 3327K [0x000000070c200000, 0x0000000800000000)
  region size 2048K, 2 young (4096K), 2 survivors (4096K)
 Metaspace       used 3824K, committed 4352K, reserved 1114112K
  class space    used 333K, committed 576K, reserved 1048576K
}

Dll operation events (10 events):
Event: 0.026 Loaded shared library C:\Users\34529\.jdks\openjdk-22.0.1\bin\java.dll
Event: 0.073 Loaded shared library C:\Users\34529\.jdks\openjdk-22.0.1\bin\jsvml.dll
Event: 0.148 Loaded shared library C:\Users\34529\.jdks\openjdk-22.0.1\bin\zip.dll
Event: 0.155 Loaded shared library C:\Users\34529\.jdks\openjdk-22.0.1\bin\instrument.dll
Event: 0.162 Loaded shared library C:\Users\34529\.jdks\openjdk-22.0.1\bin\net.dll
Event: 0.166 Loaded shared library C:\Users\34529\.jdks\openjdk-22.0.1\bin\nio.dll
Event: 0.172 Loaded shared library C:\Users\34529\.jdks\openjdk-22.0.1\bin\zip.dll
Event: 0.186 Loaded shared library C:\Program Files\JetBrains\IntelliJ IDEA 2022.2.3\bin\breakgen64.dll
Event: 0.199 Loaded shared library C:\Users\34529\.jdks\openjdk-22.0.1\bin\extnet.dll
Event: 0.380 Loaded shared library C:\Users\34529\.jdks\openjdk-22.0.1\bin\jimage.dll

Deoptimization events (20 events):
Event: 740.019 Thread 0x000001ead59b2ca0 DEOPT PACKING pc=0x000001eae77f171c sp=0x00000095ddafee40
Event: 740.019 Thread 0x000001ead59b2ca0 DEOPT UNPACKING pc=0x000001eae6c246a2 sp=0x00000095ddafeda0 mode 2
Event: 744.015 Thread 0x000001ead59b2ca0 DEOPT PACKING pc=0x000001eadfb8584f sp=0x00000095ddafeaf0
Event: 744.015 Thread 0x000001ead59b2ca0 DEOPT UNPACKING pc=0x000001eae6c24e42 sp=0x00000095ddafe278 mode 0
Event: 773.086 Thread 0x000001ead59b2ca0 DEOPT PACKING pc=0x000001eadfb8584f sp=0x00000095ddafeaf0
Event: 773.086 Thread 0x000001ead59b2ca0 DEOPT UNPACKING pc=0x000001eae6c24e42 sp=0x00000095ddafe278 mode 0
Event: 773.088 Thread 0x000001ead59b2ca0 Uncommon trap: trap_request=0xffffff45 fr.pc=0x000001eae77c5f08 relative=0x00000000000002a8
Event: 773.088 Thread 0x000001ead59b2ca0 Uncommon trap: reason=unstable_if action=reinterpret pc=0x000001eae77c5f08 method=Team.CloudStorage.EAVONE.VNE.DebugVNE(LTeam/CloudStorage/EAVONE/EOSubstrateNetwork;[LTeam/CloudStorage/EAVONE/VONRequest;IILjava/lang/String;)V @ 3534 c2
Event: 773.088 Thread 0x000001ead59b2ca0 DEOPT PACKING pc=0x000001eae77c5f08 sp=0x00000095ddafee20
Event: 773.088 Thread 0x000001ead59b2ca0 DEOPT UNPACKING pc=0x000001eae6c246a2 sp=0x00000095ddafeda0 mode 2
Event: 791.858 Thread 0x000001ead59b2ca0 DEOPT PACKING pc=0x000001eadfb8584f sp=0x00000095ddafeaf0
Event: 791.858 Thread 0x000001ead59b2ca0 DEOPT UNPACKING pc=0x000001eae6c24e42 sp=0x00000095ddafe278 mode 0
Event: 793.525 Thread 0x000001ead59b2ca0 DEOPT PACKING pc=0x000001eadfb8584f sp=0x00000095ddafeaf0
Event: 793.525 Thread 0x000001ead59b2ca0 DEOPT UNPACKING pc=0x000001eae6c24e42 sp=0x00000095ddafe278 mode 0
Event: 817.095 Thread 0x000001ead59b2ca0 DEOPT PACKING pc=0x000001eadfb8584f sp=0x00000095ddafeaf0
Event: 817.095 Thread 0x000001ead59b2ca0 DEOPT UNPACKING pc=0x000001eae6c24e42 sp=0x00000095ddafe278 mode 0
Event: 871.408 Thread 0x000001ead59b2ca0 Uncommon trap: trap_request=0xffffff6e fr.pc=0x000001eae7840f60 relative=0x000000000000ea40
Event: 871.408 Thread 0x000001ead59b2ca0 Uncommon trap: reason=loop_limit_check action=maybe_recompile pc=0x000001eae7840f60 method=Team.CloudStorage.EAVONE.VONEByLin.CreateVONE01ILPByLinUndirectDiagram(LTeam/CloudStorage/EAVONE/EOSubstrateNetwork;[LTeam/CloudStorage/EAVONE/VONRequest;I)V @ 1126
Event: 871.408 Thread 0x000001ead59b2ca0 DEOPT PACKING pc=0x000001eae7840f60 sp=0x00000095ddafedb0
Event: 871.408 Thread 0x000001ead59b2ca0 DEOPT UNPACKING pc=0x000001eae6c246a2 sp=0x00000095ddafedd8 mode 2

Classes loaded (20 events):
Event: 1.285 Loading class sun/util/resources/cldr/TimeZoneNames_en_US
Event: 1.285 Loading class sun/util/resources/cldr/TimeZoneNames_en_US done
Event: 1.286 Loading class java/util/LinkedHashMap$LinkedKeySet
Event: 1.287 Loading class java/util/LinkedHashMap$LinkedKeySet done
Event: 2.280 Loading class java/util/LinkedList$Node
Event: 2.280 Loading class java/util/LinkedList$Node done
Event: 5.266 Loading class java/lang/foreign/MemorySegment
Event: 5.267 Loading class java/lang/foreign/MemorySegment done
Event: 18.330 Loading class jdk/internal/math/FormattedFPDecimal
Event: 18.331 Loading class jdk/internal/math/FormattedFPDecimal done
Event: 172.044 Loading class java/lang/ProcessBuilder$Redirect
Event: 172.044 Loading class java/lang/ProcessBuilder$Redirect done
Event: 399.229 Loading class java/lang/invoke/BoundMethodHandle$Species_LLLLLLLLLL
Event: 399.229 Loading class java/lang/invoke/BoundMethodHandle$Species_LLLLLLLLLL done
Event: 399.231 Loading class java/lang/invoke/BoundMethodHandle$Species_LLLLLLLLLLL
Event: 399.231 Loading class java/lang/invoke/BoundMethodHandle$Species_LLLLLLLLLLL done
Event: 399.241 Loading class java/lang/invoke/BoundMethodHandle$Species_LLLLLLLLLLLL
Event: 399.241 Loading class java/lang/invoke/BoundMethodHandle$Species_LLLLLLLLLLLL done
Event: 399.599 Loading class java/util/LinkedList$ListItr
Event: 399.599 Loading class java/util/LinkedList$ListItr done

Classes unloaded (0 events):
No events

Classes redefined (0 events):
No events

Internal exceptions (16 events):
Event: 0.175 Thread 0x000001ead59b2ca0 Exception <a 'java/lang/NoSuchMethodError'{0x000000071b35d530}: 'void java.lang.invoke.DirectMethodHandle$Holder.invokeStatic(java.lang.Object, java.lang.Object, java.lang.Object)'> (0x000000071b35d530) 
thrown [s\open\src\hotspot\share\interpreter\linkResolver.cpp, line 774]
Event: 0.181 Thread 0x000001ead59b2ca0 Exception <a 'java/lang/NoSuchMethodError'{0x000000071b3f0030}: 'java.lang.Object java.lang.invoke.Invokers$Holder.invokeExact_MT(java.lang.Object, java.lang.Object, java.lang.Object, java.lang.Object, java.lang.Object)'> (0x000000071b3f0030) 
thrown [s\open\src\hotspot\share\interpreter\linkResolver.cpp, line 774]
Event: 0.202 Thread 0x000001eac52bcb20 Exception <a 'java/lang/NoSuchMethodError'{0x000000071b009678}: 'void java.lang.invoke.DirectMethodHandle$Holder.invokeStatic(java.lang.Object, java.lang.Object)'> (0x000000071b009678) 
thrown [s\open\src\hotspot\share\interpreter\linkResolver.cpp, line 774]
Event: 0.560 Thread 0x000001ead59b2ca0 Exception <a 'java/lang/NoSuchMethodError'{0x000000071a7bae70}: 'void java.lang.invoke.DirectMethodHandle$Holder.invokeStatic(java.lang.Object, long)'> (0x000000071a7bae70) 
thrown [s\open\src\hotspot\share\interpreter\linkResolver.cpp, line 774]
Event: 0.561 Thread 0x000001ead59b2ca0 Exception <a 'java/lang/NoSuchMethodError'{0x000000071a7bfb40}: 'java.lang.Object java.lang.invoke.DirectMethodHandle$Holder.newInvokeSpecial(java.lang.Object, long)'> (0x000000071a7bfb40) 
thrown [s\open\src\hotspot\share\interpreter\linkResolver.cpp, line 774]
Event: 0.564 Thread 0x000001ead59b2ca0 Exception <a 'java/lang/NoSuchMethodError'{0x000000071a7c7270}: 'java.lang.Object java.lang.invoke.DirectMethodHandle$Holder.invokeStatic(java.lang.Object, long, java.lang.Object)'> (0x000000071a7c7270) 
thrown [s\open\src\hotspot\share\interpreter\linkResolver.cpp, line 774]
Event: 0.564 Thread 0x000001ead59b2ca0 Exception <a 'java/lang/NoSuchMethodError'{0x000000071a7caa28}: 'java.lang.Object java.lang.invoke.DirectMethodHandle$Holder.invokeStaticInit(java.lang.Object, long, java.lang.Object)'> (0x000000071a7caa28) 
thrown [s\open\src\hotspot\share\interpreter\linkResolver.cpp, line 774]
Event: 1.287 Thread 0x000001eaf73cf130 Exception <a 'java/lang/NoSuchMethodError'{0x000000071a5399a0}: 'java.lang.Object java.lang.invoke.Invokers$Holder.invokeExact_MT(java.lang.Object, java.lang.Object, java.lang.Object, java.lang.Object, java.lang.Object, java.lang.Object)'> (0x000000071a5399a0) 
thrown [s\open\src\hotspot\share\interpreter\linkResolver.cpp, line 774]
Event: 2.278 Thread 0x000001ead59b2ca0 Exception <a 'java/lang/NoSuchMethodError'{0x000000071a3926f8}: 'java.lang.Object java.lang.invoke.DirectMethodHandle$Holder.invokeSpecial(java.lang.Object, java.lang.Object, int, int, int, int)'> (0x000000071a3926f8) 
thrown [s\open\src\hotspot\share\interpreter\linkResolver.cpp, line 774]
Event: 28.294 Thread 0x000001ead59b2ca0 Exception <a 'java/lang/NoSuchMethodError'{0x000000071a4e73c8}: 'java.lang.Object java.lang.invoke.DirectMethodHandle$Holder.invokeSpecial(java.lang.Object, java.lang.Object, int, double)'> (0x000000071a4e73c8) 
thrown [s\open\src\hotspot\share\interpreter\linkResolver.cpp, line 774]
Event: 399.224 Thread 0x000001ead59b2ca0 Exception <a 'java/lang/NoSuchMethodError'{0x00000007133716b8}: 'java.lang.Object java.lang.invoke.DirectMethodHandle$Holder.invokeSpecial(java.lang.Object, java.lang.Object, java.lang.Object, java.lang.Object, java.lang.Object, int)'> (0x00000007133716b8) 
thrown [s\open\src\hotspot\share\interpreter\linkResolver.cpp, line 774]
Event: 399.224 Thread 0x000001ead59b2ca0 Exception <a 'java/lang/NoSuchMethodError'{0x0000000713374e88}: 'java.lang.Object java.lang.invoke.Invokers$Holder.linkToTargetMethod(java.lang.Object, java.lang.Object, java.lang.Object, int, java.lang.Object)'> (0x0000000713374e88) 
thrown [s\open\src\hotspot\share\interpreter\linkResolver.cpp, line 774]
Event: 399.230 Thread 0x000001ead59b2ca0 Exception <a 'java/lang/NoSuchMethodError'{0x00000007133dee10}: 'java.lang.Object java.lang.invoke.DirectMethodHandle$Holder.invokeStatic(java.lang.Object, java.lang.Object, java.lang.Object, java.lang.Object, java.lang.Object, java.lang.Object, java.lang.Object, java.lang.Object, java.lang.Object, java.lang.Object, java.lang.Object, java.lang.Object, java.lang.Object)'> (0x00000007133dee10) 
thrown [s\open\src\hotspot\share\interpreter\linkResolver.cpp, line 774]
Event: 399.232 Thread 0x000001ead59b2ca0 Exception <a 'java/lang/NoSuchMethodError'{0x00000007133ff2a8}: 'java.lang.Object java.lang.invoke.DirectMethodHandle$Holder.invokeStatic(java.lang.Object, java.lang.Object, java.lang.Object, java.lang.Object, java.lang.Object, java.lang.Object, java.lang.Object, java.lang.Object, java.lang.Object, java.lang.Object, java.lang.Object, java.lang.Object, java.lang.Object, java.lang.Object)'> (0x00000007133ff2a8) 
thrown [s\open\src\hotspot\share\interpreter\linkResolver.cpp, line 774]
Event: 399.234 Thread 0x000001ead59b2ca0 Exception <a 'java/lang/NoSuchMethodError'{0x00000007130133f8}: 'java.lang.Object java.lang.invoke.DelegatingMethodHandle$Holder.reinvoke_L(java.lang.Object, java.lang.Object, java.lang.Object, java.lang.Object, java.lang.Object, java.lang.Object, java.lang.Object, int, java.lang.Object, java.lang.Object, java.lang.Object, java.lang.Object, java.lang.Object, java.lang.Object, java.lang.Object)'> (0x00000007130133f8) 
thrown [s\open\src\hotspot\share\interpreter\linkResolver.cpp, line 774]
Event: 399.242 Thread 0x000001ead59b2ca0 Exception <a 'java/lang/NoSuchMethodError'{0x0000000713098b18}: 'java.lang.Object java.lang.invoke.DirectMethodHandle$Holder.invokeStatic(java.lang.Object, java.lang.Object, java.lang.Object, java.lang.Object, java.lang.Object, java.lang.Object, java.lang.Object, java.lang.Object, java.lang.Object, java.lang.Object, java.lang.Object, java.lang.Object, java.lang.Object, java.lang.Object, java.lang.Object)'> (0x0000000713098b18) 
thrown [s\open\src\hotspot\share\interpreter\linkResolver.cpp, line 774]

ZGC Phase Switch (0 events):
No events

VM Operations (20 events):
Event: 256.576 Executing VM operation: G1CollectForAllocation (G1 Evacuation Pause)
Event: 256.580 Executing VM operation: G1CollectForAllocation (G1 Evacuation Pause) done
Event: 339.600 Executing VM operation: G1CollectForAllocation (G1 Evacuation Pause)
Event: 339.604 Executing VM operation: G1CollectForAllocation (G1 Evacuation Pause) done
Event: 399.318 Executing VM operation: G1CollectForAllocation (G1 Evacuation Pause)
Event: 399.321 Executing VM operation: G1CollectForAllocation (G1 Evacuation Pause) done
Event: 524.740 Executing VM operation: G1CollectForAllocation (G1 Evacuation Pause)
Event: 524.742 Executing VM operation: G1CollectForAllocation (G1 Evacuation Pause) done
Event: 637.892 Executing VM operation: G1CollectForAllocation (G1 Evacuation Pause)
Event: 637.895 Executing VM operation: G1CollectForAllocation (G1 Evacuation Pause) done
Event: 737.513 Executing VM operation: G1CollectForAllocation (G1 Evacuation Pause)
Event: 737.516 Executing VM operation: G1CollectForAllocation (G1 Evacuation Pause) done
Event: 860.850 Executing VM operation: G1CollectForAllocation (G1 Evacuation Pause)
Event: 860.853 Executing VM operation: G1CollectForAllocation (G1 Evacuation Pause) done
Event: 920.368 Executing VM operation: Cleanup
Event: 920.369 Executing VM operation: Cleanup done
Event: 956.361 Executing VM operation: G1CollectForAllocation (G1 Evacuation Pause)
Event: 956.364 Executing VM operation: G1CollectForAllocation (G1 Evacuation Pause) done
Event: 975.516 Executing VM operation: Cleanup
Event: 975.516 Executing VM operation: Cleanup done

Events (20 events):
Event: 18.334 Thread 0x000001eac5436130 Thread added: 0x000001eac5436130
Event: 18.503 Thread 0x000001eac5436130 Thread exited: 0x000001eac5436130
Event: 39.600 Thread 0x000001eac5436130 Thread added: 0x000001eac5436130
Event: 39.854 Thread 0x000001eac5436130 Thread exited: 0x000001eac5436130
Event: 43.308 Thread 0x000001eac5435390 Thread added: 0x000001eac5435390
Event: 43.933 Thread 0x000001eac5435390 Thread exited: 0x000001eac5435390
Event: 148.681 Thread 0x000001eac5433f20 Thread added: 0x000001eac5433f20
Event: 148.681 Thread 0x000001eac5436800 Thread added: 0x000001eac5436800
Event: 148.681 Thread 0x000001eac5433850 Thread added: 0x000001eac5433850
Event: 149.191 Thread 0x000001eac5433850 Thread exited: 0x000001eac5433850
Event: 149.191 Thread 0x000001eac5433f20 Thread exited: 0x000001eac5433f20
Event: 149.191 Thread 0x000001eac5436800 Thread exited: 0x000001eac5436800
Event: 339.615 Thread 0x000001eac5436ea0 Thread added: 0x000001eac5436ea0
Event: 339.615 Thread 0x000001eac54367d0 Thread added: 0x000001eac54367d0
Event: 344.630 Thread 0x000001eac54367d0 Thread exited: 0x000001eac54367d0
Event: 348.640 Thread 0x000001eac5436ea0 Thread exited: 0x000001eac5436ea0
Event: 399.234 Thread 0x000001eac5436100 Thread added: 0x000001eac5436100
Event: 399.241 Thread 0x000001eac54367d0 Thread added: 0x000001eac54367d0
Event: 399.599 Thread 0x000001eac54367d0 Thread exited: 0x000001eac54367d0
Event: 403.503 Thread 0x000001eac5436100 Thread exited: 0x000001eac5436100


Dynamic libraries:
0x00007ff79d3f0000 - 0x00007ff79d3fe000 	C:\Users\34529\.jdks\openjdk-22.0.1\bin\java.exe
0x00007ff876970000 - 0x00007ff876b87000 	C:\Windows\SYSTEM32\ntdll.dll
0x00007ff875920000 - 0x00007ff8759e4000 	C:\Windows\System32\KERNEL32.DLL
0x00007ff8742a0000 - 0x00007ff87464d000 	C:\Windows\System32\KERNELBASE.dll
0x00007ff873dc0000 - 0x00007ff873ed1000 	C:\Windows\System32\ucrtbase.dll
0x00007ff849780000 - 0x00007ff849797000 	C:\Users\34529\.jdks\openjdk-22.0.1\bin\jli.dll
0x00007ff8496e0000 - 0x00007ff8496fb000 	C:\Users\34529\.jdks\openjdk-22.0.1\bin\VCRUNTIME140.dll
0x00007ff876780000 - 0x00007ff87692e000 	C:\Windows\System32\USER32.dll
0x00007ff866640000 - 0x00007ff8668d3000 	C:\Windows\WinSxS\amd64_microsoft.windows.common-controls_6595b64144ccf1df_6.0.22621.3672_none_2713b9d173822955\COMCTL32.dll
0x00007ff874680000 - 0x00007ff8746a6000 	C:\Windows\System32\win32u.dll
0x00007ff875dc0000 - 0x00007ff875e67000 	C:\Windows\System32\msvcrt.dll
0x00007ff875ec0000 - 0x00007ff875ee9000 	C:\Windows\System32\GDI32.dll
0x00007ff8740c0000 - 0x00007ff8741d9000 	C:\Windows\System32\gdi32full.dll
0x00007ff873ca0000 - 0x00007ff873d3a000 	C:\Windows\System32\msvcp_win.dll
0x00007ff8759f0000 - 0x00007ff875a21000 	C:\Windows\System32\IMM32.DLL
0x00007ff866e80000 - 0x00007ff866e8c000 	C:\Users\34529\.jdks\openjdk-22.0.1\bin\vcruntime140_1.dll
0x00007ff839090000 - 0x00007ff83911e000 	C:\Users\34529\.jdks\openjdk-22.0.1\bin\msvcp140.dll
0x00007ff82e8a0000 - 0x00007ff82f5e7000 	C:\Users\34529\.jdks\openjdk-22.0.1\bin\server\jvm.dll
0x00007ff874790000 - 0x00007ff874842000 	C:\Windows\System32\ADVAPI32.dll
0x00007ff874e00000 - 0x00007ff874ea9000 	C:\Windows\System32\sechost.dll
0x00007ff874650000 - 0x00007ff874678000 	C:\Windows\System32\bcrypt.dll
0x00007ff874850000 - 0x00007ff874964000 	C:\Windows\System32\RPCRT4.dll
0x00007ff874ec0000 - 0x00007ff874f31000 	C:\Windows\System32\WS2_32.dll
0x00007ff872b30000 - 0x00007ff872b7d000 	C:\Windows\SYSTEM32\POWRPROF.dll
0x00007ff86d380000 - 0x00007ff86d3b4000 	C:\Windows\SYSTEM32\WINMM.dll
0x00007ff86ccd0000 - 0x00007ff86ccda000 	C:\Windows\SYSTEM32\VERSION.dll
0x00007ff872b10000 - 0x00007ff872b23000 	C:\Windows\SYSTEM32\UMPDC.dll
0x00007ff872dc0000 - 0x00007ff872dd8000 	C:\Windows\SYSTEM32\kernel.appcore.dll
0x00007ff84e210000 - 0x00007ff84e21a000 	C:\Users\34529\.jdks\openjdk-22.0.1\bin\jimage.dll
0x00007ff86c620000 - 0x00007ff86c852000 	C:\Windows\SYSTEM32\DBGHELP.DLL
0x00007ff874a70000 - 0x00007ff874df8000 	C:\Windows\System32\combase.dll
0x00007ff875840000 - 0x00007ff875917000 	C:\Windows\System32\OLEAUT32.dll
0x00007ff86b3f0000 - 0x00007ff86b422000 	C:\Windows\SYSTEM32\dbgcore.DLL
0x00007ff873d40000 - 0x00007ff873dbb000 	C:\Windows\System32\bcryptPrimitives.dll
0x00007ff84c840000 - 0x00007ff84c84f000 	C:\Users\34529\.jdks\openjdk-22.0.1\bin\instrument.dll
0x00007ff849570000 - 0x00007ff84958e000 	C:\Users\34529\.jdks\openjdk-22.0.1\bin\java.dll
0x00007ff874f60000 - 0x00007ff8757bf000 	C:\Windows\System32\SHELL32.dll
0x00007ff875ff0000 - 0x00007ff876195000 	C:\Windows\System32\ole32.dll
0x00007ff871c00000 - 0x00007ff8724fc000 	C:\Windows\SYSTEM32\windows.storage.dll
0x00007ff871ac0000 - 0x00007ff871bff000 	C:\Windows\SYSTEM32\wintypes.dll
0x00007ff875ef0000 - 0x00007ff875fe4000 	C:\Windows\System32\SHCORE.dll
0x00007ff8746c0000 - 0x00007ff87471e000 	C:\Windows\System32\shlwapi.dll
0x00007ff873bd0000 - 0x00007ff873bf1000 	C:\Windows\SYSTEM32\profapi.dll
0x00007ff833660000 - 0x00007ff833737000 	C:\Users\34529\.jdks\openjdk-22.0.1\bin\jsvml.dll
0x00007ff847780000 - 0x00007ff847797000 	C:\Users\34529\.jdks\openjdk-22.0.1\bin\zip.dll
0x00007ff84c1a0000 - 0x00007ff84c1b0000 	C:\Users\34529\.jdks\openjdk-22.0.1\bin\net.dll
0x00007ff873230000 - 0x00007ff873299000 	C:\Windows\system32\mswsock.dll
0x00007ff8476f0000 - 0x00007ff847706000 	C:\Users\34529\.jdks\openjdk-22.0.1\bin\nio.dll
0x00007ff846460000 - 0x00007ff84647a000 	C:\Program Files\JetBrains\IntelliJ IDEA 2022.2.3\bin\breakgen64.dll
0x00007ff84a090000 - 0x00007ff84a099000 	C:\Users\34529\.jdks\openjdk-22.0.1\bin\extnet.dll

dbghelp: loaded successfully - version: 4.0.5 - missing functions: none
symbol engine: initialized successfully - sym options: 0x614 - pdb path: .;C:\Users\34529\.jdks\openjdk-22.0.1\bin;C:\Windows\SYSTEM32;C:\Windows\WinSxS\amd64_microsoft.windows.common-controls_6595b64144ccf1df_6.0.22621.3672_none_2713b9d173822955;C:\Users\34529\.jdks\openjdk-22.0.1\bin\server;C:\Program Files\JetBrains\IntelliJ IDEA 2022.2.3\bin

VM Arguments:
jvm_args: -javaagent:C:\Program Files\JetBrains\IntelliJ IDEA 2022.2.3\lib\idea_rt.jar=63702:C:\Program Files\JetBrains\IntelliJ IDEA 2022.2.3\bin -Dfile.encoding=GBK -Dsun.stdout.encoding=GBK -Dsun.stderr.encoding=GBK 
java_command: Team.CloudStorage.EAVONE.VNETest
java_class_path (initial): E:\实验程序\相关材料\VNE_GHG_4\bin
Launcher Type: SUN_STANDARD

[Global flags]
     intx CICompilerCount                          = 12                                        {product} {ergonomic}
     uint ConcGCThreads                            = 3                                         {product} {ergonomic}
     uint G1ConcRefinementThreads                  = 13                                        {product} {ergonomic}
   size_t G1HeapRegionSize                         = 2097152                                   {product} {ergonomic}
   size_t InitialHeapSize                          = 255852544                                 {product} {ergonomic}
   size_t MarkStackSize                            = 4194304                                   {product} {ergonomic}
   size_t MaxHeapSize                              = 4091543552                                {product} {ergonomic}
   size_t MaxNewSize                               = 2453667840                                {product} {ergonomic}
   size_t MinHeapDeltaBytes                        = 2097152                                   {product} {ergonomic}
   size_t MinHeapSize                              = 8388608                                   {product} {ergonomic}
    uintx NonNMethodCodeHeapSize                   = 7602480                                {pd product} {ergonomic}
    uintx NonProfiledCodeHeapSize                  = 122027880                              {pd product} {ergonomic}
    uintx ProfiledCodeHeapSize                     = 122027880                              {pd product} {ergonomic}
    uintx ReservedCodeCacheSize                    = 251658240                              {pd product} {ergonomic}
     bool SegmentedCodeCache                       = true                                      {product} {ergonomic}
   size_t SoftMaxHeapSize                          = 4091543552                             {manageable} {ergonomic}
     bool UseCompressedOops                        = true                           {product lp64_product} {ergonomic}
     bool UseG1GC                                  = true                                      {product} {ergonomic}
     bool UseLargePagesIndividualAllocation        = false                                  {pd product} {ergonomic}

Logging:
Log output configuration:
 #0: stdout all=warning uptime,level,tags foldmultilines=false
 #1: stderr all=off uptime,level,tags foldmultilines=false

Environment Variables:
PATH=C:\Program Files\Common Files\Oracle\Java\javapath;C:\Windows\system32;C:\Windows;C:\Windows\System32\Wbem;C:\Windows\System32\WindowsPowerShell\v1.0\;C:\Windows\System32\OpenSSH\;C:\Program Files\NVIDIA Corporation\NVIDIA NvDLISR;D:\bandzip\Bandizip\;C:\Program Files (x86)\NVIDIA Corporation\PhysX\Common;C:\Program Files\Git\cmd;C:\Users\34529\AppData\Local\Microsoft\WindowsApps;;C:\Program Files\JetBrains\IntelliJ IDEA 2022.2.3\bin;
USERNAME=DD
OS=Windows_NT
PROCESSOR_IDENTIFIER=AMD64 Family 25 Model 68 Stepping 1, AuthenticAMD
TMP=C:\Users\34529\AppData\Local\Temp
TEMP=C:\Users\34529\AppData\Local\Temp




Periodic native trim disabled

---------------  S Y S T E M  ---------------

OS:
 Windows 11 , 64 bit Build 22621 (10.0.22621.3672)
OS uptime: 0 days 4:08 hours

CPU: total 16 (initial active 16) (16 cores per cpu, 2 threads per core) family 25 model 68 stepping 1 microcode 0x0, cx8, cmov, fxsr, ht, mmx, 3dnowpref, sse, sse2, sse3, ssse3, sse4a, sse4.1, sse4.2, popcnt, lzcnt, tsc, tscinvbit, avx, avx2, aes, erms, clmul, bmi1, bmi2, adx, sha, fma, vzeroupper, clflush, clflushopt, rdtscp, rdpid, fsrm, f16c, pku, cet_ss
Processor Information for all 16 processors :
  Max Mhz: 3201, Current Mhz: 3201, Mhz Limit: 3201

Memory: 4k page, system-wide physical 15607M (1208M free)
TotalPageFile size 28408M (AvailPageFile size 189M)
current process WorkingSet (physical memory assigned to process): 292M, peak: 564M
current process commit charge ("private bytes"): 447M, peak: 718M

vm_info: OpenJDK 64-Bit Server VM (22.0.1+8-16) for windows-amd64 JRE (22.0.1+8-16), built on 2024-03-12T10:33:16Z by "mach5one" with MS VC++ 17.6 (VS2022)

END.
