#
# There is insufficient memory for the Java Runtime Environment to continue.
# Native memory allocation (malloc) failed to allocate 935376 bytes. Error detail: Chunk::new
# Possible reasons:
#   The system is out of physical RAM or swap space
#   This process is running with CompressedOops enabled, and the Java Heap may be blocking the growth of the native heap
# Possible solutions:
#   Reduce memory load on the system
#   Increase physical memory or swap space
#   Check if swap backing store is full
#   Decrease Java heap size (-Xmx/-Xms)
#   Decrease number of Java threads
#   Decrease Java thread stack sizes (-Xss)
#   Set larger code cache with -XX:ReservedCodeCacheSize=
#   JVM is running with Zero Based Compressed Oops mode in which the Java heap is
#     placed in the first 32GB address space. The Java Heap base address is the
#     maximum limit for the native heap growth. Please use -XX:HeapBaseMinAddress
#     to set the Java Heap base and to place the Java Heap above 32GB virtual address.
# This output file may be truncated or incomplete.
#
#  Out of Memory Error (arena.cpp:150), pid=1232, tid=23484
#
# JRE version: OpenJDK Runtime Environment (22.0.1+8) (build 22.0.1+8-16)
# Java VM: OpenJDK 64-Bit Server VM (22.0.1+8-16, mixed mode, sharing, tiered, compressed oops, compressed class ptrs, g1 gc, windows-amd64)
# No core dump will be written. Minidumps are not enabled by default on client versions of Windows
#

---------------  S U M M A R Y ------------

Command Line: -javaagent:C:\Program Files\JetBrains\IntelliJ IDEA 2022.2.3\lib\idea_rt.jar=51194:C:\Program Files\JetBrains\IntelliJ IDEA 2022.2.3\bin -Dfile.encoding=GBK -Dsun.stdout.encoding=GBK -Dsun.stderr.encoding=GBK Team.CloudStorage.EAVONE.VNETest

Host: AMD Ryzen 7 7735H with Radeon Graphics, 16 cores, 15G,  Windows 11 , 64 bit Build 22621 (10.0.22621.3672)
Time: Sun Aug 11 20:35:41 2024  Windows 11 , 64 bit Build 22621 (10.0.22621.3672) elapsed time: 5.932159 seconds (0d 0h 0m 5s)

---------------  T H R E A D  ---------------

Current thread (0x000001d1cf445dc0):  JavaThread "C2 CompilerThread0" daemon [_thread_in_native, id=23484, stack(0x0000002183300000,0x0000002183400000) (1024K)]


Current CompileTask:
C2:5932 1981 %     4       Team.CloudStorage.EAVONE.VONEByPageRank::FindEnMinElementByVogel @ 397 (1062 bytes)

Stack: [0x0000002183300000,0x0000002183400000]
Native frames: (J=compiled Java code, j=interpreted, Vv=VM code, C=native code)
V  [jvm.dll+0x6e2279]  (no source info available)
V  [jvm.dll+0x874e33]  (no source info available)
V  [jvm.dll+0x87725e]  (no source info available)
V  [jvm.dll+0x877933]  (no source info available)
V  [jvm.dll+0x27fd76]  (no source info available)
V  [jvm.dll+0xc3d0f]  (no source info available)
V  [jvm.dll+0xc3f6b]  (no source info available)
V  [jvm.dll+0x3bb0d2]  (no source info available)
V  [jvm.dll+0x387b6b]  (no source info available)
V  [jvm.dll+0x386fda]  (no source info available)
V  [jvm.dll+0x247918]  (no source info available)
V  [jvm.dll+0x246fbf]  (no source info available)
V  [jvm.dll+0x1c4e90]  (no source info available)
V  [jvm.dll+0x2569fe]  (no source info available)
V  [jvm.dll+0x254cba]  (no source info available)
V  [jvm.dll+0x3f5336]  (no source info available)
V  [jvm.dll+0x81d44b]  (no source info available)
V  [jvm.dll+0x6e0915]  (no source info available)
C  [ucrtbase.dll+0x29333]  (no source info available)
C  [KERNEL32.DLL+0x1257d]  (no source info available)
C  [ntdll.dll+0x5af28]  (no source info available)


---------------  P R O C E S S  ---------------

Threads class SMR info:
_java_thread_list=0x000001d21533d0b0, length=13, elements={
0x000001d1adca94f0, 0x000001d1cf43a450, 0x000001d1cf43b170, 0x000001d1cf442aa0,
0x000001d1cf443500, 0x000001d1cf444090, 0x000001d1cf449430, 0x000001d1cf445dc0,
0x000001d1cf4572c0, 0x000001d1cf58ff50, 0x000001d1cf75ae40, 0x000001d1cf761dc0,
0x000001d2157c9310
}

Java Threads: ( => current thread )
  0x000001d1adca94f0 JavaThread "main"                              [_thread_in_vm, id=15860, stack(0x0000002182500000,0x0000002182600000) (1024K)]
  0x000001d1cf43a450 JavaThread "Reference Handler"          daemon [_thread_blocked, id=8004, stack(0x0000002182d00000,0x0000002182e00000) (1024K)]
  0x000001d1cf43b170 JavaThread "Finalizer"                  daemon [_thread_blocked, id=2184, stack(0x0000002182e00000,0x0000002182f00000) (1024K)]
  0x000001d1cf442aa0 JavaThread "Signal Dispatcher"          daemon [_thread_blocked, id=20312, stack(0x0000002182f00000,0x0000002183000000) (1024K)]
  0x000001d1cf443500 JavaThread "Attach Listener"            daemon [_thread_blocked, id=16120, stack(0x0000002183000000,0x0000002183100000) (1024K)]
  0x000001d1cf444090 JavaThread "Service Thread"             daemon [_thread_blocked, id=9256, stack(0x0000002183100000,0x0000002183200000) (1024K)]
  0x000001d1cf449430 JavaThread "Monitor Deflation Thread"   daemon [_thread_blocked, id=15016, stack(0x0000002183200000,0x0000002183300000) (1024K)]
=>0x000001d1cf445dc0 JavaThread "C2 CompilerThread0"         daemon [_thread_in_native, id=23484, stack(0x0000002183300000,0x0000002183400000) (1024K)]
  0x000001d1cf4572c0 JavaThread "C1 CompilerThread0"         daemon [_thread_blocked, id=21040, stack(0x0000002183400000,0x0000002183500000) (1024K)]
  0x000001d1cf58ff50 JavaThread "Common-Cleaner"             daemon [_thread_blocked, id=16336, stack(0x0000002183500000,0x0000002183600000) (1024K)]
  0x000001d1cf75ae40 JavaThread "Monitor Ctrl-Break"         daemon [_thread_in_native, id=7084, stack(0x0000002183800000,0x0000002183900000) (1024K)]
  0x000001d1cf761dc0 JavaThread "Notification Thread"        daemon [_thread_blocked, id=20188, stack(0x0000002183900000,0x0000002183a00000) (1024K)]
  0x000001d2157c9310 JavaThread "C1 CompilerThread1"         daemon [_thread_blocked, id=22684, stack(0x0000002183600000,0x0000002183700000) (1024K)]
Total: 13

Other Threads:
  0x000001d1cf4205f0 VMThread "VM Thread"                           [id=20176, stack(0x0000002182c00000,0x0000002182d00000) (1024K)]
  0x000001d1cf408120 WatcherThread "VM Periodic Task Thread"        [id=15452, stack(0x0000002182b00000,0x0000002182c00000) (1024K)]
  0x000001d1add10090 WorkerThread "GC Thread#0"                     [id=16288, stack(0x0000002182600000,0x0000002182700000) (1024K)]
  0x000001d21515ac20 WorkerThread "GC Thread#1"                     [id=17348, stack(0x0000002183c00000,0x0000002183d00000) (1024K)]
  0x000001d21515afd0 WorkerThread "GC Thread#2"                     [id=22088, stack(0x0000002183d00000,0x0000002183e00000) (1024K)]
  0x000001d21515b380 WorkerThread "GC Thread#3"                     [id=19668, stack(0x0000002183e00000,0x0000002183f00000) (1024K)]
  0x000001d21515b730 WorkerThread "GC Thread#4"                     [id=23364, stack(0x0000002183f00000,0x0000002184000000) (1024K)]
  0x000001d215125180 WorkerThread "GC Thread#5"                     [id=5800, stack(0x0000002184000000,0x0000002184100000) (1024K)]
  0x000001d215125530 WorkerThread "GC Thread#6"                     [id=7452, stack(0x0000002184100000,0x0000002184200000) (1024K)]
  0x000001d215771f20 WorkerThread "GC Thread#7"                     [id=7272, stack(0x0000002183b00000,0x0000002183c00000) (1024K)]
  0x000001d21516dff0 WorkerThread "GC Thread#8"                     [id=6628, stack(0x0000002184200000,0x0000002184300000) (1024K)]
  0x000001d21524f140 WorkerThread "GC Thread#9"                     [id=9792, stack(0x0000002184300000,0x0000002184400000) (1024K)]
  0x000001d215242510 WorkerThread "GC Thread#10"                    [id=5820, stack(0x0000002184400000,0x0000002184500000) (1024K)]
  0x000001d2153d96d0 WorkerThread "GC Thread#11"                    [id=20452, stack(0x0000002184500000,0x0000002184600000) (1024K)]
  0x000001d2152ac090 WorkerThread "GC Thread#12"                    [id=17724, stack(0x0000002184600000,0x0000002184700000) (1024K)]
  0x000001d1add20600 ConcurrentGCThread "G1 Main Marker"            [id=17624, stack(0x0000002182700000,0x0000002182800000) (1024K)]
  0x000001d1add218b0 WorkerThread "G1 Conc#0"                       [id=12516, stack(0x0000002182800000,0x0000002182900000) (1024K)]
  0x000001d1cf2d5600 ConcurrentGCThread "G1 Refine#0"               [id=1040, stack(0x0000002182900000,0x0000002182a00000) (1024K)]
  0x000001d1cf2d6180 ConcurrentGCThread "G1 Service"                [id=4904, stack(0x0000002182a00000,0x0000002182b00000) (1024K)]
Total: 19

Threads with active compile tasks:
C2 CompilerThread0  6015 1981 %     4       Team.CloudStorage.EAVONE.VONEByPageRank::FindEnMinElementByVogel @ 397 (1062 bytes)
Total: 1

VM state: not at safepoint (normal execution)

VM Mutex/Monitor currently owned by a thread: None

Heap address: 0x000000070c200000, size: 3902 MB, Compressed Oops mode: Zero based, Oop shift amount: 3

CDS archive(s) mapped at: [0x000001d1d0000000-0x000001d1d0c50000-0x000001d1d0c50000), size 12910592, SharedBaseAddress: 0x000001d1d0000000, ArchiveRelocationMode: 1.
Compressed class space mapped at: 0x000001d1d1000000-0x000001d211000000, reserved size: 1073741824
Narrow klass base: 0x000001d1d0000000, Narrow klass shift: 0, Narrow klass range: 0x41000000

GC Precious Log:
 CardTable entry size: 512
 Card Set container configuration: InlinePtr #cards 4 size 8 Array Of Cards #cards 16 size 48 Howl #buckets 8 coarsen threshold 3686 Howl Bitmap #cards 512 size 80 coarsen threshold 460 Card regions per heap region 1 cards per card region 4096
 CPUs: 16 total, 16 available
 Memory: 15607M
 Large Page Support: Disabled
 NUMA Support: Disabled
 Compressed Oops: Enabled (Zero based)
 Heap Region Size: 2M
 Heap Min Capacity: 8M
 Heap Initial Capacity: 244M
 Heap Max Capacity: 3902M
 Pre-touch: Disabled
 Parallel Workers: 13
 Concurrent Workers: 3
 Concurrent Refinement Workers: 13
 Periodic GC: Disabled

Heap:
 garbage-first heap   total reserved 3995648K, committed 774144K, used 377214K [0x000000070c200000, 0x0000000800000000)
  region size 2048K, 184 young (376832K), 1 survivors (2048K)
 Metaspace       used 3191K, committed 3584K, reserved 1114112K
  class space    used 255K, committed 448K, reserved 1048576K

Heap Regions: E=young(eden), S=young(survivor), O=old, HS=humongous(starts), HC=humongous(continues), CS=collection set, F=free, TAMS=top-at-mark-start, PB=parsable bottom
|   0|0x000000070c200000, 0x000000070c400000, 0x000000070c400000|100%| O|  |TAMS 0x000000070c200000| PB 0x000000070c200000| Untracked |  0
|   1|0x000000070c400000, 0x000000070c600000, 0x000000070c600000|100%| O|  |TAMS 0x000000070c400000| PB 0x000000070c400000| Untracked |  0
|   2|0x000000070c600000, 0x000000070c800000, 0x000000070c800000|100%| O|  |TAMS 0x000000070c600000| PB 0x000000070c600000| Untracked |  0
|   3|0x000000070c800000, 0x000000070c849110, 0x000000070ca00000| 14%| O|  |TAMS 0x000000070c800000| PB 0x000000070c800000| Untracked |  0
|   4|0x000000070ca00000, 0x000000070ca00000, 0x000000070cc00000|  0%| F|  |TAMS 0x000000070ca00000| PB 0x000000070ca00000| Untracked |  0
|   5|0x000000070cc00000, 0x000000070cc00000, 0x000000070ce00000|  0%| F|  |TAMS 0x000000070cc00000| PB 0x000000070cc00000| Untracked |  0
|   6|0x000000070ce00000, 0x000000070ce00000, 0x000000070d000000|  0%| F|  |TAMS 0x000000070ce00000| PB 0x000000070ce00000| Untracked |  0
|   7|0x000000070d000000, 0x000000070d000000, 0x000000070d200000|  0%| F|  |TAMS 0x000000070d000000| PB 0x000000070d000000| Untracked |  0
|   8|0x000000070d200000, 0x000000070d200000, 0x000000070d400000|  0%| F|  |TAMS 0x000000070d200000| PB 0x000000070d200000| Untracked |  0
|   9|0x000000070d400000, 0x000000070d400000, 0x000000070d600000|  0%| F|  |TAMS 0x000000070d400000| PB 0x000000070d400000| Untracked |  0
|  10|0x000000070d600000, 0x000000070d600000, 0x000000070d800000|  0%| F|  |TAMS 0x000000070d600000| PB 0x000000070d600000| Untracked |  0
|  11|0x000000070d800000, 0x000000070d800000, 0x000000070da00000|  0%| F|  |TAMS 0x000000070d800000| PB 0x000000070d800000| Untracked |  0
|  12|0x000000070da00000, 0x000000070da00000, 0x000000070dc00000|  0%| F|  |TAMS 0x000000070da00000| PB 0x000000070da00000| Untracked |  0
|  13|0x000000070dc00000, 0x000000070dc00000, 0x000000070de00000|  0%| F|  |TAMS 0x000000070dc00000| PB 0x000000070dc00000| Untracked |  0
|  14|0x000000070de00000, 0x000000070de00000, 0x000000070e000000|  0%| F|  |TAMS 0x000000070de00000| PB 0x000000070de00000| Untracked |  0
|  15|0x000000070e000000, 0x000000070e000000, 0x000000070e200000|  0%| F|  |TAMS 0x000000070e000000| PB 0x000000070e000000| Untracked |  0
|  16|0x000000070e200000, 0x000000070e200000, 0x000000070e400000|  0%| F|  |TAMS 0x000000070e200000| PB 0x000000070e200000| Untracked |  0
|  17|0x000000070e400000, 0x000000070e400000, 0x000000070e600000|  0%| F|  |TAMS 0x000000070e400000| PB 0x000000070e400000| Untracked |  0
|  18|0x000000070e600000, 0x000000070e600000, 0x000000070e800000|  0%| F|  |TAMS 0x000000070e600000| PB 0x000000070e600000| Untracked |  0
|  19|0x000000070e800000, 0x000000070e800000, 0x000000070ea00000|  0%| F|  |TAMS 0x000000070e800000| PB 0x000000070e800000| Untracked |  0
|  20|0x000000070ea00000, 0x000000070ea00000, 0x000000070ec00000|  0%| F|  |TAMS 0x000000070ea00000| PB 0x000000070ea00000| Untracked |  0
|  21|0x000000070ec00000, 0x000000070ec00000, 0x000000070ee00000|  0%| F|  |TAMS 0x000000070ec00000| PB 0x000000070ec00000| Untracked |  0
|  22|0x000000070ee00000, 0x000000070ee00000, 0x000000070f000000|  0%| F|  |TAMS 0x000000070ee00000| PB 0x000000070ee00000| Untracked |  0
|  23|0x000000070f000000, 0x000000070f000000, 0x000000070f200000|  0%| F|  |TAMS 0x000000070f000000| PB 0x000000070f000000| Untracked |  0
|  24|0x000000070f200000, 0x000000070f200000, 0x000000070f400000|  0%| F|  |TAMS 0x000000070f200000| PB 0x000000070f200000| Untracked |  0
|  25|0x000000070f400000, 0x000000070f400000, 0x000000070f600000|  0%| F|  |TAMS 0x000000070f400000| PB 0x000000070f400000| Untracked |  0
|  26|0x000000070f600000, 0x000000070f600000, 0x000000070f800000|  0%| F|  |TAMS 0x000000070f600000| PB 0x000000070f600000| Untracked |  0
|  27|0x000000070f800000, 0x000000070f800000, 0x000000070fa00000|  0%| F|  |TAMS 0x000000070f800000| PB 0x000000070f800000| Untracked |  0
|  28|0x000000070fa00000, 0x000000070fa00000, 0x000000070fc00000|  0%| F|  |TAMS 0x000000070fa00000| PB 0x000000070fa00000| Untracked |  0
|  29|0x000000070fc00000, 0x000000070fc00000, 0x000000070fe00000|  0%| F|  |TAMS 0x000000070fc00000| PB 0x000000070fc00000| Untracked |  0
|  30|0x000000070fe00000, 0x000000070fe00000, 0x0000000710000000|  0%| F|  |TAMS 0x000000070fe00000| PB 0x000000070fe00000| Untracked |  0
|  31|0x0000000710000000, 0x0000000710000000, 0x0000000710200000|  0%| F|  |TAMS 0x0000000710000000| PB 0x0000000710000000| Untracked |  0
|  32|0x0000000710200000, 0x0000000710200000, 0x0000000710400000|  0%| F|  |TAMS 0x0000000710200000| PB 0x0000000710200000| Untracked |  0
|  33|0x0000000710400000, 0x0000000710400000, 0x0000000710600000|  0%| F|  |TAMS 0x0000000710400000| PB 0x0000000710400000| Untracked |  0
|  34|0x0000000710600000, 0x0000000710600000, 0x0000000710800000|  0%| F|  |TAMS 0x0000000710600000| PB 0x0000000710600000| Untracked |  0
|  35|0x0000000710800000, 0x0000000710800000, 0x0000000710a00000|  0%| F|  |TAMS 0x0000000710800000| PB 0x0000000710800000| Untracked |  0
|  36|0x0000000710a00000, 0x0000000710a00000, 0x0000000710c00000|  0%| F|  |TAMS 0x0000000710a00000| PB 0x0000000710a00000| Untracked |  0
|  37|0x0000000710c00000, 0x0000000710c00000, 0x0000000710e00000|  0%| F|  |TAMS 0x0000000710c00000| PB 0x0000000710c00000| Untracked |  0
|  38|0x0000000710e00000, 0x0000000710e00000, 0x0000000711000000|  0%| F|  |TAMS 0x0000000710e00000| PB 0x0000000710e00000| Untracked |  0
|  39|0x0000000711000000, 0x0000000711000000, 0x0000000711200000|  0%| F|  |TAMS 0x0000000711000000| PB 0x0000000711000000| Untracked |  0
|  40|0x0000000711200000, 0x0000000711200000, 0x0000000711400000|  0%| F|  |TAMS 0x0000000711200000| PB 0x0000000711200000| Untracked |  0
|  41|0x0000000711400000, 0x0000000711400000, 0x0000000711600000|  0%| F|  |TAMS 0x0000000711400000| PB 0x0000000711400000| Untracked |  0
|  42|0x0000000711600000, 0x0000000711600000, 0x0000000711800000|  0%| F|  |TAMS 0x0000000711600000| PB 0x0000000711600000| Untracked |  0
|  43|0x0000000711800000, 0x0000000711800000, 0x0000000711a00000|  0%| F|  |TAMS 0x0000000711800000| PB 0x0000000711800000| Untracked |  0
|  44|0x0000000711a00000, 0x0000000711a00000, 0x0000000711c00000|  0%| F|  |TAMS 0x0000000711a00000| PB 0x0000000711a00000| Untracked |  0
|  45|0x0000000711c00000, 0x0000000711c00000, 0x0000000711e00000|  0%| F|  |TAMS 0x0000000711c00000| PB 0x0000000711c00000| Untracked |  0
|  46|0x0000000711e00000, 0x0000000711e00000, 0x0000000712000000|  0%| F|  |TAMS 0x0000000711e00000| PB 0x0000000711e00000| Untracked |  0
|  47|0x0000000712000000, 0x0000000712000000, 0x0000000712200000|  0%| F|  |TAMS 0x0000000712000000| PB 0x0000000712000000| Untracked |  0
|  48|0x0000000712200000, 0x0000000712200000, 0x0000000712400000|  0%| F|  |TAMS 0x0000000712200000| PB 0x0000000712200000| Untracked |  0
|  49|0x0000000712400000, 0x0000000712400000, 0x0000000712600000|  0%| F|  |TAMS 0x0000000712400000| PB 0x0000000712400000| Untracked |  0
|  50|0x0000000712600000, 0x0000000712600000, 0x0000000712800000|  0%| F|  |TAMS 0x0000000712600000| PB 0x0000000712600000| Untracked |  0
|  51|0x0000000712800000, 0x0000000712800000, 0x0000000712a00000|  0%| F|  |TAMS 0x0000000712800000| PB 0x0000000712800000| Untracked |  0
|  52|0x0000000712a00000, 0x0000000712a00000, 0x0000000712c00000|  0%| F|  |TAMS 0x0000000712a00000| PB 0x0000000712a00000| Untracked |  0
|  53|0x0000000712c00000, 0x0000000712c00000, 0x0000000712e00000|  0%| F|  |TAMS 0x0000000712c00000| PB 0x0000000712c00000| Untracked |  0
|  54|0x0000000712e00000, 0x0000000712e00000, 0x0000000713000000|  0%| F|  |TAMS 0x0000000712e00000| PB 0x0000000712e00000| Untracked |  0
|  55|0x0000000713000000, 0x0000000713000000, 0x0000000713200000|  0%| F|  |TAMS 0x0000000713000000| PB 0x0000000713000000| Untracked |  0
|  56|0x0000000713200000, 0x0000000713200000, 0x0000000713400000|  0%| F|  |TAMS 0x0000000713200000| PB 0x0000000713200000| Untracked |  0
|  57|0x0000000713400000, 0x0000000713400000, 0x0000000713600000|  0%| F|  |TAMS 0x0000000713400000| PB 0x0000000713400000| Untracked |  0
|  58|0x0000000713600000, 0x0000000713600000, 0x0000000713800000|  0%| F|  |TAMS 0x0000000713600000| PB 0x0000000713600000| Untracked |  0
|  59|0x0000000713800000, 0x0000000713800000, 0x0000000713a00000|  0%| F|  |TAMS 0x0000000713800000| PB 0x0000000713800000| Untracked |  0
|  60|0x0000000713a00000, 0x0000000713a00000, 0x0000000713c00000|  0%| F|  |TAMS 0x0000000713a00000| PB 0x0000000713a00000| Untracked |  0
|  61|0x0000000713c00000, 0x0000000713c00000, 0x0000000713e00000|  0%| F|  |TAMS 0x0000000713c00000| PB 0x0000000713c00000| Untracked |  0
|  62|0x0000000713e00000, 0x0000000713e00000, 0x0000000714000000|  0%| F|  |TAMS 0x0000000713e00000| PB 0x0000000713e00000| Untracked |  0
|  63|0x0000000714000000, 0x0000000714000000, 0x0000000714200000|  0%| F|  |TAMS 0x0000000714000000| PB 0x0000000714000000| Untracked |  0
|  64|0x0000000714200000, 0x0000000714200000, 0x0000000714400000|  0%| F|  |TAMS 0x0000000714200000| PB 0x0000000714200000| Untracked |  0
|  65|0x0000000714400000, 0x0000000714400000, 0x0000000714600000|  0%| F|  |TAMS 0x0000000714400000| PB 0x0000000714400000| Untracked |  0
|  66|0x0000000714600000, 0x0000000714600000, 0x0000000714800000|  0%| F|  |TAMS 0x0000000714600000| PB 0x0000000714600000| Untracked |  0
|  67|0x0000000714800000, 0x0000000714800000, 0x0000000714a00000|  0%| F|  |TAMS 0x0000000714800000| PB 0x0000000714800000| Untracked |  0
|  68|0x0000000714a00000, 0x0000000714a00000, 0x0000000714c00000|  0%| F|  |TAMS 0x0000000714a00000| PB 0x0000000714a00000| Untracked |  0
|  69|0x0000000714c00000, 0x0000000714c00000, 0x0000000714e00000|  0%| F|  |TAMS 0x0000000714c00000| PB 0x0000000714c00000| Untracked |  0
|  70|0x0000000714e00000, 0x0000000714e00000, 0x0000000715000000|  0%| F|  |TAMS 0x0000000714e00000| PB 0x0000000714e00000| Untracked |  0
|  71|0x0000000715000000, 0x0000000715000000, 0x0000000715200000|  0%| F|  |TAMS 0x0000000715000000| PB 0x0000000715000000| Untracked |  0
|  72|0x0000000715200000, 0x0000000715200000, 0x0000000715400000|  0%| F|  |TAMS 0x0000000715200000| PB 0x0000000715200000| Untracked |  0
|  73|0x0000000715400000, 0x0000000715400000, 0x0000000715600000|  0%| F|  |TAMS 0x0000000715400000| PB 0x0000000715400000| Untracked |  0
|  74|0x0000000715600000, 0x0000000715600000, 0x0000000715800000|  0%| F|  |TAMS 0x0000000715600000| PB 0x0000000715600000| Untracked |  0
|  75|0x0000000715800000, 0x0000000715800000, 0x0000000715a00000|  0%| F|  |TAMS 0x0000000715800000| PB 0x0000000715800000| Untracked |  0
|  76|0x0000000715a00000, 0x0000000715a00000, 0x0000000715c00000|  0%| F|  |TAMS 0x0000000715a00000| PB 0x0000000715a00000| Untracked |  0
|  77|0x0000000715c00000, 0x0000000715c00000, 0x0000000715e00000|  0%| F|  |TAMS 0x0000000715c00000| PB 0x0000000715c00000| Untracked |  0
|  78|0x0000000715e00000, 0x0000000715e00000, 0x0000000716000000|  0%| F|  |TAMS 0x0000000715e00000| PB 0x0000000715e00000| Untracked |  0
|  79|0x0000000716000000, 0x0000000716000000, 0x0000000716200000|  0%| F|  |TAMS 0x0000000716000000| PB 0x0000000716000000| Untracked |  0
|  80|0x0000000716200000, 0x0000000716200000, 0x0000000716400000|  0%| F|  |TAMS 0x0000000716200000| PB 0x0000000716200000| Untracked |  0
|  81|0x0000000716400000, 0x0000000716400000, 0x0000000716600000|  0%| F|  |TAMS 0x0000000716400000| PB 0x0000000716400000| Untracked |  0
|  82|0x0000000716600000, 0x0000000716600000, 0x0000000716800000|  0%| F|  |TAMS 0x0000000716600000| PB 0x0000000716600000| Untracked |  0
|  83|0x0000000716800000, 0x0000000716800000, 0x0000000716a00000|  0%| F|  |TAMS 0x0000000716800000| PB 0x0000000716800000| Untracked |  0
|  84|0x0000000716a00000, 0x0000000716a00000, 0x0000000716c00000|  0%| F|  |TAMS 0x0000000716a00000| PB 0x0000000716a00000| Untracked |  0
|  85|0x0000000716c00000, 0x0000000716c00000, 0x0000000716e00000|  0%| F|  |TAMS 0x0000000716c00000| PB 0x0000000716c00000| Untracked |  0
|  86|0x0000000716e00000, 0x0000000716e00000, 0x0000000717000000|  0%| F|  |TAMS 0x0000000716e00000| PB 0x0000000716e00000| Untracked |  0
|  87|0x0000000717000000, 0x0000000717000000, 0x0000000717200000|  0%| F|  |TAMS 0x0000000717000000| PB 0x0000000717000000| Untracked |  0
|  88|0x0000000717200000, 0x0000000717200000, 0x0000000717400000|  0%| F|  |TAMS 0x0000000717200000| PB 0x0000000717200000| Untracked |  0
|  89|0x0000000717400000, 0x0000000717400000, 0x0000000717600000|  0%| F|  |TAMS 0x0000000717400000| PB 0x0000000717400000| Untracked |  0
|  90|0x0000000717600000, 0x0000000717600000, 0x0000000717800000|  0%| F|  |TAMS 0x0000000717600000| PB 0x0000000717600000| Untracked |  0
|  91|0x0000000717800000, 0x0000000717800000, 0x0000000717a00000|  0%| F|  |TAMS 0x0000000717800000| PB 0x0000000717800000| Untracked |  0
|  92|0x0000000717a00000, 0x0000000717a00000, 0x0000000717c00000|  0%| F|  |TAMS 0x0000000717a00000| PB 0x0000000717a00000| Untracked |  0
|  93|0x0000000717c00000, 0x0000000717c00000, 0x0000000717e00000|  0%| F|  |TAMS 0x0000000717c00000| PB 0x0000000717c00000| Untracked |  0
|  94|0x0000000717e00000, 0x0000000717e00000, 0x0000000718000000|  0%| F|  |TAMS 0x0000000717e00000| PB 0x0000000717e00000| Untracked |  0
|  95|0x0000000718000000, 0x0000000718000000, 0x0000000718200000|  0%| F|  |TAMS 0x0000000718000000| PB 0x0000000718000000| Untracked |  0
|  96|0x0000000718200000, 0x0000000718200000, 0x0000000718400000|  0%| F|  |TAMS 0x0000000718200000| PB 0x0000000718200000| Untracked |  0
|  97|0x0000000718400000, 0x0000000718400000, 0x0000000718600000|  0%| F|  |TAMS 0x0000000718400000| PB 0x0000000718400000| Untracked |  0
|  98|0x0000000718600000, 0x0000000718600000, 0x0000000718800000|  0%| F|  |TAMS 0x0000000718600000| PB 0x0000000718600000| Untracked |  0
|  99|0x0000000718800000, 0x0000000718800000, 0x0000000718a00000|  0%| F|  |TAMS 0x0000000718800000| PB 0x0000000718800000| Untracked |  0
| 100|0x0000000718a00000, 0x0000000718a00000, 0x0000000718c00000|  0%| F|  |TAMS 0x0000000718a00000| PB 0x0000000718a00000| Untracked |  0
| 101|0x0000000718c00000, 0x0000000718c00000, 0x0000000718e00000|  0%| F|  |TAMS 0x0000000718c00000| PB 0x0000000718c00000| Untracked |  0
| 102|0x0000000718e00000, 0x0000000718e00000, 0x0000000719000000|  0%| F|  |TAMS 0x0000000718e00000| PB 0x0000000718e00000| Untracked |  0
| 103|0x0000000719000000, 0x0000000719000000, 0x0000000719200000|  0%| F|  |TAMS 0x0000000719000000| PB 0x0000000719000000| Untracked |  0
| 104|0x0000000719200000, 0x0000000719200000, 0x0000000719400000|  0%| F|  |TAMS 0x0000000719200000| PB 0x0000000719200000| Untracked |  0
| 105|0x0000000719400000, 0x0000000719400000, 0x0000000719600000|  0%| F|  |TAMS 0x0000000719400000| PB 0x0000000719400000| Untracked |  0
| 106|0x0000000719600000, 0x0000000719600000, 0x0000000719800000|  0%| F|  |TAMS 0x0000000719600000| PB 0x0000000719600000| Untracked |  0
| 107|0x0000000719800000, 0x0000000719800000, 0x0000000719a00000|  0%| F|  |TAMS 0x0000000719800000| PB 0x0000000719800000| Untracked |  0
| 108|0x0000000719a00000, 0x0000000719a00000, 0x0000000719c00000|  0%| F|  |TAMS 0x0000000719a00000| PB 0x0000000719a00000| Untracked |  0
| 109|0x0000000719c00000, 0x0000000719c00000, 0x0000000719e00000|  0%| F|  |TAMS 0x0000000719c00000| PB 0x0000000719c00000| Untracked |  0
| 110|0x0000000719e00000, 0x0000000719e00000, 0x000000071a000000|  0%| F|  |TAMS 0x0000000719e00000| PB 0x0000000719e00000| Untracked |  0
| 111|0x000000071a000000, 0x000000071a000000, 0x000000071a200000|  0%| F|  |TAMS 0x000000071a000000| PB 0x000000071a000000| Untracked |  0
| 112|0x000000071a200000, 0x000000071a200000, 0x000000071a400000|  0%| F|  |TAMS 0x000000071a200000| PB 0x000000071a200000| Untracked |  0
| 113|0x000000071a400000, 0x000000071a400000, 0x000000071a600000|  0%| F|  |TAMS 0x000000071a400000| PB 0x000000071a400000| Untracked |  0
| 114|0x000000071a600000, 0x000000071a600000, 0x000000071a800000|  0%| F|  |TAMS 0x000000071a600000| PB 0x000000071a600000| Untracked |  0
| 115|0x000000071a800000, 0x000000071a800000, 0x000000071aa00000|  0%| F|  |TAMS 0x000000071a800000| PB 0x000000071a800000| Untracked |  0
| 116|0x000000071aa00000, 0x000000071aa00000, 0x000000071ac00000|  0%| F|  |TAMS 0x000000071aa00000| PB 0x000000071aa00000| Untracked |  0
| 117|0x000000071ac00000, 0x000000071ac00000, 0x000000071ae00000|  0%| F|  |TAMS 0x000000071ac00000| PB 0x000000071ac00000| Untracked |  0
| 118|0x000000071ae00000, 0x000000071ae00000, 0x000000071b000000|  0%| F|  |TAMS 0x000000071ae00000| PB 0x000000071ae00000| Untracked |  0
| 119|0x000000071b000000, 0x000000071b000000, 0x000000071b200000|  0%| F|  |TAMS 0x000000071b000000| PB 0x000000071b000000| Untracked |  0
| 120|0x000000071b200000, 0x000000071b200000, 0x000000071b400000|  0%| F|  |TAMS 0x000000071b200000| PB 0x000000071b200000| Untracked |  0
| 121|0x000000071b400000, 0x000000071b400000, 0x000000071b600000|  0%| F|  |TAMS 0x000000071b400000| PB 0x000000071b400000| Untracked |  0
| 122|0x000000071b600000, 0x000000071b600000, 0x000000071b800000|  0%| F|  |TAMS 0x000000071b600000| PB 0x000000071b600000| Untracked |  0
| 123|0x000000071b800000, 0x000000071b800000, 0x000000071ba00000|  0%| F|  |TAMS 0x000000071b800000| PB 0x000000071b800000| Untracked |  0
| 124|0x000000071ba00000, 0x000000071ba00000, 0x000000071bc00000|  0%| F|  |TAMS 0x000000071ba00000| PB 0x000000071ba00000| Untracked |  0
| 125|0x000000071bc00000, 0x000000071bc00000, 0x000000071be00000|  0%| F|  |TAMS 0x000000071bc00000| PB 0x000000071bc00000| Untracked |  0
| 126|0x000000071be00000, 0x000000071be00000, 0x000000071c000000|  0%| F|  |TAMS 0x000000071be00000| PB 0x000000071be00000| Untracked |  0
| 127|0x000000071c000000, 0x000000071c000000, 0x000000071c200000|  0%| F|  |TAMS 0x000000071c000000| PB 0x000000071c000000| Untracked |  0
| 128|0x000000071c200000, 0x000000071c200000, 0x000000071c400000|  0%| F|  |TAMS 0x000000071c200000| PB 0x000000071c200000| Untracked |  0
| 129|0x000000071c400000, 0x000000071c400000, 0x000000071c600000|  0%| F|  |TAMS 0x000000071c400000| PB 0x000000071c400000| Untracked |  0
| 130|0x000000071c600000, 0x000000071c600000, 0x000000071c800000|  0%| F|  |TAMS 0x000000071c600000| PB 0x000000071c600000| Untracked |  0
| 131|0x000000071c800000, 0x000000071c800000, 0x000000071ca00000|  0%| F|  |TAMS 0x000000071c800000| PB 0x000000071c800000| Untracked |  0
| 132|0x000000071ca00000, 0x000000071ca00000, 0x000000071cc00000|  0%| F|  |TAMS 0x000000071ca00000| PB 0x000000071ca00000| Untracked |  0
| 133|0x000000071cc00000, 0x000000071cc00000, 0x000000071ce00000|  0%| F|  |TAMS 0x000000071cc00000| PB 0x000000071cc00000| Untracked |  0
| 134|0x000000071ce00000, 0x000000071ce00000, 0x000000071d000000|  0%| F|  |TAMS 0x000000071ce00000| PB 0x000000071ce00000| Untracked |  0
| 135|0x000000071d000000, 0x000000071d000000, 0x000000071d200000|  0%| F|  |TAMS 0x000000071d000000| PB 0x000000071d000000| Untracked |  0
| 136|0x000000071d200000, 0x000000071d200000, 0x000000071d400000|  0%| F|  |TAMS 0x000000071d200000| PB 0x000000071d200000| Untracked |  0
| 137|0x000000071d400000, 0x000000071d400000, 0x000000071d600000|  0%| F|  |TAMS 0x000000071d400000| PB 0x000000071d400000| Untracked |  0
| 138|0x000000071d600000, 0x000000071d600000, 0x000000071d800000|  0%| F|  |TAMS 0x000000071d600000| PB 0x000000071d600000| Untracked |  0
| 139|0x000000071d800000, 0x000000071d800000, 0x000000071da00000|  0%| F|  |TAMS 0x000000071d800000| PB 0x000000071d800000| Untracked |  0
| 140|0x000000071da00000, 0x000000071da00000, 0x000000071dc00000|  0%| F|  |TAMS 0x000000071da00000| PB 0x000000071da00000| Untracked |  0
| 141|0x000000071dc00000, 0x000000071dc00000, 0x000000071de00000|  0%| F|  |TAMS 0x000000071dc00000| PB 0x000000071dc00000| Untracked |  0
| 142|0x000000071de00000, 0x000000071de00000, 0x000000071e000000|  0%| F|  |TAMS 0x000000071de00000| PB 0x000000071de00000| Untracked |  0
| 143|0x000000071e000000, 0x000000071e000000, 0x000000071e200000|  0%| F|  |TAMS 0x000000071e000000| PB 0x000000071e000000| Untracked |  0
| 144|0x000000071e200000, 0x000000071e200000, 0x000000071e400000|  0%| F|  |TAMS 0x000000071e200000| PB 0x000000071e200000| Untracked |  0
| 145|0x000000071e400000, 0x000000071e400000, 0x000000071e600000|  0%| F|  |TAMS 0x000000071e400000| PB 0x000000071e400000| Untracked |  0
| 146|0x000000071e600000, 0x000000071e600000, 0x000000071e800000|  0%| F|  |TAMS 0x000000071e600000| PB 0x000000071e600000| Untracked |  0
| 147|0x000000071e800000, 0x000000071e800000, 0x000000071ea00000|  0%| F|  |TAMS 0x000000071e800000| PB 0x000000071e800000| Untracked |  0
| 148|0x000000071ea00000, 0x000000071ea00000, 0x000000071ec00000|  0%| F|  |TAMS 0x000000071ea00000| PB 0x000000071ea00000| Untracked |  0
| 149|0x000000071ec00000, 0x000000071ec00000, 0x000000071ee00000|  0%| F|  |TAMS 0x000000071ec00000| PB 0x000000071ec00000| Untracked |  0
| 150|0x000000071ee00000, 0x000000071ee00000, 0x000000071f000000|  0%| F|  |TAMS 0x000000071ee00000| PB 0x000000071ee00000| Untracked |  0
| 151|0x000000071f000000, 0x000000071f000000, 0x000000071f200000|  0%| F|  |TAMS 0x000000071f000000| PB 0x000000071f000000| Untracked |  0
| 152|0x000000071f200000, 0x000000071f216710, 0x000000071f400000|  4%| S|CS|TAMS 0x000000071f200000| PB 0x000000071f200000| Complete |  0
| 153|0x000000071f400000, 0x000000071f400000, 0x000000071f600000|  0%| F|  |TAMS 0x000000071f400000| PB 0x000000071f400000| Untracked |  0
| 154|0x000000071f600000, 0x000000071f600000, 0x000000071f800000|  0%| F|  |TAMS 0x000000071f600000| PB 0x000000071f600000| Untracked |  0
| 155|0x000000071f800000, 0x000000071f800000, 0x000000071fa00000|  0%| F|  |TAMS 0x000000071f800000| PB 0x000000071f800000| Untracked |  0
| 156|0x000000071fa00000, 0x000000071fa00000, 0x000000071fc00000|  0%| F|  |TAMS 0x000000071fa00000| PB 0x000000071fa00000| Untracked |  0
| 157|0x000000071fc00000, 0x000000071fc00000, 0x000000071fe00000|  0%| F|  |TAMS 0x000000071fc00000| PB 0x000000071fc00000| Untracked |  0
| 158|0x000000071fe00000, 0x000000071fe00000, 0x0000000720000000|  0%| F|  |TAMS 0x000000071fe00000| PB 0x000000071fe00000| Untracked |  0
| 159|0x0000000720000000, 0x0000000720000000, 0x0000000720200000|  0%| F|  |TAMS 0x0000000720000000| PB 0x0000000720000000| Untracked |  0
| 160|0x0000000720200000, 0x0000000720300000, 0x0000000720400000| 50%| E|  |TAMS 0x0000000720200000| PB 0x0000000720200000| Complete |  0
| 161|0x0000000720400000, 0x0000000720600000, 0x0000000720600000|100%| E|CS|TAMS 0x0000000720400000| PB 0x0000000720400000| Complete |  0
| 162|0x0000000720600000, 0x0000000720800000, 0x0000000720800000|100%| E|CS|TAMS 0x0000000720600000| PB 0x0000000720600000| Complete |  0
| 163|0x0000000720800000, 0x0000000720a00000, 0x0000000720a00000|100%| E|CS|TAMS 0x0000000720800000| PB 0x0000000720800000| Complete |  0
| 164|0x0000000720a00000, 0x0000000720c00000, 0x0000000720c00000|100%| E|CS|TAMS 0x0000000720a00000| PB 0x0000000720a00000| Complete |  0
| 165|0x0000000720c00000, 0x0000000720e00000, 0x0000000720e00000|100%| E|CS|TAMS 0x0000000720c00000| PB 0x0000000720c00000| Complete |  0
| 166|0x0000000720e00000, 0x0000000721000000, 0x0000000721000000|100%| E|CS|TAMS 0x0000000720e00000| PB 0x0000000720e00000| Complete |  0
| 167|0x0000000721000000, 0x0000000721200000, 0x0000000721200000|100%| E|CS|TAMS 0x0000000721000000| PB 0x0000000721000000| Complete |  0
| 168|0x0000000721200000, 0x0000000721400000, 0x0000000721400000|100%| E|CS|TAMS 0x0000000721200000| PB 0x0000000721200000| Complete |  0
| 169|0x0000000721400000, 0x0000000721600000, 0x0000000721600000|100%| E|CS|TAMS 0x0000000721400000| PB 0x0000000721400000| Complete |  0
| 170|0x0000000721600000, 0x0000000721800000, 0x0000000721800000|100%| E|CS|TAMS 0x0000000721600000| PB 0x0000000721600000| Complete |  0
| 171|0x0000000721800000, 0x0000000721a00000, 0x0000000721a00000|100%| E|CS|TAMS 0x0000000721800000| PB 0x0000000721800000| Complete |  0
| 172|0x0000000721a00000, 0x0000000721c00000, 0x0000000721c00000|100%| E|CS|TAMS 0x0000000721a00000| PB 0x0000000721a00000| Complete |  0
| 173|0x0000000721c00000, 0x0000000721e00000, 0x0000000721e00000|100%| E|CS|TAMS 0x0000000721c00000| PB 0x0000000721c00000| Complete |  0
| 174|0x0000000721e00000, 0x0000000722000000, 0x0000000722000000|100%| E|CS|TAMS 0x0000000721e00000| PB 0x0000000721e00000| Complete |  0
| 175|0x0000000722000000, 0x0000000722200000, 0x0000000722200000|100%| E|CS|TAMS 0x0000000722000000| PB 0x0000000722000000| Complete |  0
| 176|0x0000000722200000, 0x0000000722400000, 0x0000000722400000|100%| E|CS|TAMS 0x0000000722200000| PB 0x0000000722200000| Complete |  0
| 177|0x0000000722400000, 0x0000000722600000, 0x0000000722600000|100%| E|CS|TAMS 0x0000000722400000| PB 0x0000000722400000| Complete |  0
| 178|0x0000000722600000, 0x0000000722800000, 0x0000000722800000|100%| E|CS|TAMS 0x0000000722600000| PB 0x0000000722600000| Complete |  0
| 179|0x0000000722800000, 0x0000000722a00000, 0x0000000722a00000|100%| E|CS|TAMS 0x0000000722800000| PB 0x0000000722800000| Complete |  0
| 180|0x0000000722a00000, 0x0000000722c00000, 0x0000000722c00000|100%| E|CS|TAMS 0x0000000722a00000| PB 0x0000000722a00000| Complete |  0
| 181|0x0000000722c00000, 0x0000000722e00000, 0x0000000722e00000|100%| E|CS|TAMS 0x0000000722c00000| PB 0x0000000722c00000| Complete |  0
| 182|0x0000000722e00000, 0x0000000723000000, 0x0000000723000000|100%| E|CS|TAMS 0x0000000722e00000| PB 0x0000000722e00000| Complete |  0
| 183|0x0000000723000000, 0x0000000723200000, 0x0000000723200000|100%| E|CS|TAMS 0x0000000723000000| PB 0x0000000723000000| Complete |  0
| 184|0x0000000723200000, 0x0000000723400000, 0x0000000723400000|100%| E|CS|TAMS 0x0000000723200000| PB 0x0000000723200000| Complete |  0
| 185|0x0000000723400000, 0x0000000723600000, 0x0000000723600000|100%| E|CS|TAMS 0x0000000723400000| PB 0x0000000723400000| Complete |  0
| 186|0x0000000723600000, 0x0000000723800000, 0x0000000723800000|100%| E|CS|TAMS 0x0000000723600000| PB 0x0000000723600000| Complete |  0
| 187|0x0000000723800000, 0x0000000723a00000, 0x0000000723a00000|100%| E|CS|TAMS 0x0000000723800000| PB 0x0000000723800000| Complete |  0
| 188|0x0000000723a00000, 0x0000000723c00000, 0x0000000723c00000|100%| E|CS|TAMS 0x0000000723a00000| PB 0x0000000723a00000| Complete |  0
| 189|0x0000000723c00000, 0x0000000723e00000, 0x0000000723e00000|100%| E|CS|TAMS 0x0000000723c00000| PB 0x0000000723c00000| Complete |  0
| 190|0x0000000723e00000, 0x0000000724000000, 0x0000000724000000|100%| E|CS|TAMS 0x0000000723e00000| PB 0x0000000723e00000| Complete |  0
| 191|0x0000000724000000, 0x0000000724200000, 0x0000000724200000|100%| E|CS|TAMS 0x0000000724000000| PB 0x0000000724000000| Complete |  0
| 192|0x0000000724200000, 0x0000000724400000, 0x0000000724400000|100%| E|CS|TAMS 0x0000000724200000| PB 0x0000000724200000| Complete |  0
| 193|0x0000000724400000, 0x0000000724600000, 0x0000000724600000|100%| E|CS|TAMS 0x0000000724400000| PB 0x0000000724400000| Complete |  0
| 194|0x0000000724600000, 0x0000000724800000, 0x0000000724800000|100%| E|CS|TAMS 0x0000000724600000| PB 0x0000000724600000| Complete |  0
| 195|0x0000000724800000, 0x0000000724a00000, 0x0000000724a00000|100%| E|CS|TAMS 0x0000000724800000| PB 0x0000000724800000| Complete |  0
| 196|0x0000000724a00000, 0x0000000724c00000, 0x0000000724c00000|100%| E|CS|TAMS 0x0000000724a00000| PB 0x0000000724a00000| Complete |  0
| 197|0x0000000724c00000, 0x0000000724e00000, 0x0000000724e00000|100%| E|CS|TAMS 0x0000000724c00000| PB 0x0000000724c00000| Complete |  0
| 198|0x0000000724e00000, 0x0000000725000000, 0x0000000725000000|100%| E|CS|TAMS 0x0000000724e00000| PB 0x0000000724e00000| Complete |  0
| 199|0x0000000725000000, 0x0000000725200000, 0x0000000725200000|100%| E|CS|TAMS 0x0000000725000000| PB 0x0000000725000000| Complete |  0
| 200|0x0000000725200000, 0x0000000725400000, 0x0000000725400000|100%| E|CS|TAMS 0x0000000725200000| PB 0x0000000725200000| Complete |  0
| 201|0x0000000725400000, 0x0000000725600000, 0x0000000725600000|100%| E|CS|TAMS 0x0000000725400000| PB 0x0000000725400000| Complete |  0
| 202|0x0000000725600000, 0x0000000725800000, 0x0000000725800000|100%| E|CS|TAMS 0x0000000725600000| PB 0x0000000725600000| Complete |  0
| 203|0x0000000725800000, 0x0000000725a00000, 0x0000000725a00000|100%| E|CS|TAMS 0x0000000725800000| PB 0x0000000725800000| Complete |  0
| 204|0x0000000725a00000, 0x0000000725c00000, 0x0000000725c00000|100%| E|CS|TAMS 0x0000000725a00000| PB 0x0000000725a00000| Complete |  0
| 205|0x0000000725c00000, 0x0000000725e00000, 0x0000000725e00000|100%| E|CS|TAMS 0x0000000725c00000| PB 0x0000000725c00000| Complete |  0
| 206|0x0000000725e00000, 0x0000000726000000, 0x0000000726000000|100%| E|CS|TAMS 0x0000000725e00000| PB 0x0000000725e00000| Complete |  0
| 207|0x0000000726000000, 0x0000000726200000, 0x0000000726200000|100%| E|CS|TAMS 0x0000000726000000| PB 0x0000000726000000| Complete |  0
| 208|0x0000000726200000, 0x0000000726400000, 0x0000000726400000|100%| E|CS|TAMS 0x0000000726200000| PB 0x0000000726200000| Complete |  0
| 209|0x0000000726400000, 0x0000000726600000, 0x0000000726600000|100%| E|CS|TAMS 0x0000000726400000| PB 0x0000000726400000| Complete |  0
| 210|0x0000000726600000, 0x0000000726800000, 0x0000000726800000|100%| E|CS|TAMS 0x0000000726600000| PB 0x0000000726600000| Complete |  0
| 211|0x0000000726800000, 0x0000000726a00000, 0x0000000726a00000|100%| E|CS|TAMS 0x0000000726800000| PB 0x0000000726800000| Complete |  0
| 212|0x0000000726a00000, 0x0000000726c00000, 0x0000000726c00000|100%| E|CS|TAMS 0x0000000726a00000| PB 0x0000000726a00000| Complete |  0
| 213|0x0000000726c00000, 0x0000000726e00000, 0x0000000726e00000|100%| E|CS|TAMS 0x0000000726c00000| PB 0x0000000726c00000| Complete |  0
| 214|0x0000000726e00000, 0x0000000727000000, 0x0000000727000000|  0%| F|CS|TAMS 0x0000000726e00000| PB 0x0000000726e00000| Untracked |  0
| 215|0x0000000727000000, 0x0000000727000000, 0x0000000727200000|  0%| F|  |TAMS 0x0000000727000000| PB 0x0000000727000000| Untracked |  0
| 216|0x0000000727200000, 0x0000000727200000, 0x0000000727400000|  0%| F|  |TAMS 0x0000000727200000| PB 0x0000000727200000| Untracked |  0
| 217|0x0000000727400000, 0x0000000727400000, 0x0000000727600000|  0%| F|  |TAMS 0x0000000727400000| PB 0x0000000727400000| Untracked |  0
| 218|0x0000000727600000, 0x0000000727600000, 0x0000000727800000|  0%| F|  |TAMS 0x0000000727600000| PB 0x0000000727600000| Untracked |  0
| 219|0x0000000727800000, 0x0000000727800000, 0x0000000727a00000|  0%| F|  |TAMS 0x0000000727800000| PB 0x0000000727800000| Untracked |  0
| 220|0x0000000727a00000, 0x0000000727a00000, 0x0000000727c00000|  0%| F|  |TAMS 0x0000000727a00000| PB 0x0000000727a00000| Untracked |  0
| 221|0x0000000727c00000, 0x0000000727c00000, 0x0000000727e00000|  0%| F|  |TAMS 0x0000000727c00000| PB 0x0000000727c00000| Untracked |  0
| 222|0x0000000727e00000, 0x0000000727e00000, 0x0000000728000000|  0%| F|  |TAMS 0x0000000727e00000| PB 0x0000000727e00000| Untracked |  0
| 223|0x0000000728000000, 0x0000000728000000, 0x0000000728200000|  0%| F|  |TAMS 0x0000000728000000| PB 0x0000000728000000| Untracked |  0
| 224|0x0000000728200000, 0x0000000728200000, 0x0000000728400000|  0%| F|  |TAMS 0x0000000728200000| PB 0x0000000728200000| Untracked |  0
| 225|0x0000000728400000, 0x0000000728400000, 0x0000000728600000|  0%| F|  |TAMS 0x0000000728400000| PB 0x0000000728400000| Untracked |  0
| 226|0x0000000728600000, 0x0000000728600000, 0x0000000728800000|  0%| F|  |TAMS 0x0000000728600000| PB 0x0000000728600000| Untracked |  0
| 227|0x0000000728800000, 0x0000000728800000, 0x0000000728a00000|  0%| F|  |TAMS 0x0000000728800000| PB 0x0000000728800000| Untracked |  0
| 228|0x0000000728a00000, 0x0000000728a00000, 0x0000000728c00000|  0%| F|  |TAMS 0x0000000728a00000| PB 0x0000000728a00000| Untracked |  0
| 229|0x0000000728c00000, 0x0000000728c00000, 0x0000000728e00000|  0%| F|  |TAMS 0x0000000728c00000| PB 0x0000000728c00000| Untracked |  0
| 230|0x0000000728e00000, 0x0000000728e00000, 0x0000000729000000|  0%| F|  |TAMS 0x0000000728e00000| PB 0x0000000728e00000| Untracked |  0
| 231|0x0000000729000000, 0x0000000729000000, 0x0000000729200000|  0%| F|  |TAMS 0x0000000729000000| PB 0x0000000729000000| Untracked |  0
| 232|0x0000000729200000, 0x0000000729200000, 0x0000000729400000|  0%| F|  |TAMS 0x0000000729200000| PB 0x0000000729200000| Untracked |  0
| 233|0x0000000729400000, 0x0000000729400000, 0x0000000729600000|  0%| F|  |TAMS 0x0000000729400000| PB 0x0000000729400000| Untracked |  0
| 234|0x0000000729600000, 0x0000000729600000, 0x0000000729800000|  0%| F|  |TAMS 0x0000000729600000| PB 0x0000000729600000| Untracked |  0
| 235|0x0000000729800000, 0x0000000729800000, 0x0000000729a00000|  0%| F|  |TAMS 0x0000000729800000| PB 0x0000000729800000| Untracked |  0
| 236|0x0000000729a00000, 0x0000000729a00000, 0x0000000729c00000|  0%| F|  |TAMS 0x0000000729a00000| PB 0x0000000729a00000| Untracked |  0
| 237|0x0000000729c00000, 0x0000000729c00000, 0x0000000729e00000|  0%| F|  |TAMS 0x0000000729c00000| PB 0x0000000729c00000| Untracked |  0
| 238|0x0000000729e00000, 0x0000000729e00000, 0x000000072a000000|  0%| F|  |TAMS 0x0000000729e00000| PB 0x0000000729e00000| Untracked |  0
| 239|0x000000072a000000, 0x000000072a000000, 0x000000072a200000|  0%| F|  |TAMS 0x000000072a000000| PB 0x000000072a000000| Untracked |  0
| 240|0x000000072a200000, 0x000000072a200000, 0x000000072a400000|  0%| F|  |TAMS 0x000000072a200000| PB 0x000000072a200000| Untracked |  0
| 241|0x000000072a400000, 0x000000072a400000, 0x000000072a600000|  0%| F|  |TAMS 0x000000072a400000| PB 0x000000072a400000| Untracked |  0
| 242|0x000000072a600000, 0x000000072a600000, 0x000000072a800000|  0%| F|  |TAMS 0x000000072a600000| PB 0x000000072a600000| Untracked |  0
| 243|0x000000072a800000, 0x000000072a800000, 0x000000072aa00000|  0%| F|  |TAMS 0x000000072a800000| PB 0x000000072a800000| Untracked |  0
| 244|0x000000072aa00000, 0x000000072aa00000, 0x000000072ac00000|  0%| F|  |TAMS 0x000000072aa00000| PB 0x000000072aa00000| Untracked |  0
| 245|0x000000072ac00000, 0x000000072ac00000, 0x000000072ae00000|  0%| F|  |TAMS 0x000000072ac00000| PB 0x000000072ac00000| Untracked |  0
| 246|0x000000072ae00000, 0x000000072ae00000, 0x000000072b000000|  0%| F|  |TAMS 0x000000072ae00000| PB 0x000000072ae00000| Untracked |  0
| 247|0x000000072b000000, 0x000000072b000000, 0x000000072b200000|  0%| F|  |TAMS 0x000000072b000000| PB 0x000000072b000000| Untracked |  0
| 248|0x000000072b200000, 0x000000072b200000, 0x000000072b400000|  0%| F|  |TAMS 0x000000072b200000| PB 0x000000072b200000| Untracked |  0
| 249|0x000000072b400000, 0x000000072b400000, 0x000000072b600000|  0%| F|  |TAMS 0x000000072b400000| PB 0x000000072b400000| Untracked |  0
| 250|0x000000072b600000, 0x000000072b600000, 0x000000072b800000|  0%| F|  |TAMS 0x000000072b600000| PB 0x000000072b600000| Untracked |  0
| 251|0x000000072b800000, 0x000000072b800000, 0x000000072ba00000|  0%| F|  |TAMS 0x000000072b800000| PB 0x000000072b800000| Untracked |  0
| 252|0x000000072ba00000, 0x000000072ba00000, 0x000000072bc00000|  0%| F|  |TAMS 0x000000072ba00000| PB 0x000000072ba00000| Untracked |  0
| 253|0x000000072bc00000, 0x000000072bc00000, 0x000000072be00000|  0%| F|  |TAMS 0x000000072bc00000| PB 0x000000072bc00000| Untracked |  0
| 254|0x000000072be00000, 0x000000072be00000, 0x000000072c000000|  0%| F|  |TAMS 0x000000072be00000| PB 0x000000072be00000| Untracked |  0
| 255|0x000000072c000000, 0x000000072c000000, 0x000000072c200000|  0%| F|  |TAMS 0x000000072c000000| PB 0x000000072c000000| Untracked |  0
| 256|0x000000072c200000, 0x000000072c200000, 0x000000072c400000|  0%| F|  |TAMS 0x000000072c200000| PB 0x000000072c200000| Untracked |  0
| 257|0x000000072c400000, 0x000000072c400000, 0x000000072c600000|  0%| F|  |TAMS 0x000000072c400000| PB 0x000000072c400000| Untracked |  0
| 258|0x000000072c600000, 0x000000072c600000, 0x000000072c800000|  0%| F|  |TAMS 0x000000072c600000| PB 0x000000072c600000| Untracked |  0
| 259|0x000000072c800000, 0x000000072c800000, 0x000000072ca00000|  0%| F|  |TAMS 0x000000072c800000| PB 0x000000072c800000| Untracked |  0
| 260|0x000000072ca00000, 0x000000072ca00000, 0x000000072cc00000|  0%| F|  |TAMS 0x000000072ca00000| PB 0x000000072ca00000| Untracked |  0
| 261|0x000000072cc00000, 0x000000072cc00000, 0x000000072ce00000|  0%| F|  |TAMS 0x000000072cc00000| PB 0x000000072cc00000| Untracked |  0
| 262|0x000000072ce00000, 0x000000072ce00000, 0x000000072d000000|  0%| F|  |TAMS 0x000000072ce00000| PB 0x000000072ce00000| Untracked |  0
| 263|0x000000072d000000, 0x000000072d000000, 0x000000072d200000|  0%| F|  |TAMS 0x000000072d000000| PB 0x000000072d000000| Untracked |  0
| 264|0x000000072d200000, 0x000000072d200000, 0x000000072d400000|  0%| F|  |TAMS 0x000000072d200000| PB 0x000000072d200000| Untracked |  0
| 265|0x000000072d400000, 0x000000072d400000, 0x000000072d600000|  0%| F|  |TAMS 0x000000072d400000| PB 0x000000072d400000| Untracked |  0
| 266|0x000000072d600000, 0x000000072d600000, 0x000000072d800000|  0%| F|  |TAMS 0x000000072d600000| PB 0x000000072d600000| Untracked |  0
| 267|0x000000072d800000, 0x000000072d800000, 0x000000072da00000|  0%| F|  |TAMS 0x000000072d800000| PB 0x000000072d800000| Untracked |  0
| 268|0x000000072da00000, 0x000000072da00000, 0x000000072dc00000|  0%| F|  |TAMS 0x000000072da00000| PB 0x000000072da00000| Untracked |  0
| 269|0x000000072dc00000, 0x000000072dc00000, 0x000000072de00000|  0%| F|  |TAMS 0x000000072dc00000| PB 0x000000072dc00000| Untracked |  0
| 270|0x000000072de00000, 0x000000072de00000, 0x000000072e000000|  0%| F|  |TAMS 0x000000072de00000| PB 0x000000072de00000| Untracked |  0
| 271|0x000000072e000000, 0x000000072e000000, 0x000000072e200000|  0%| F|  |TAMS 0x000000072e000000| PB 0x000000072e000000| Untracked |  0
| 272|0x000000072e200000, 0x000000072e200000, 0x000000072e400000|  0%| F|  |TAMS 0x000000072e200000| PB 0x000000072e200000| Untracked |  0
| 273|0x000000072e400000, 0x000000072e400000, 0x000000072e600000|  0%| F|  |TAMS 0x000000072e400000| PB 0x000000072e400000| Untracked |  0
| 274|0x000000072e600000, 0x000000072e600000, 0x000000072e800000|  0%| F|  |TAMS 0x000000072e600000| PB 0x000000072e600000| Untracked |  0
| 275|0x000000072e800000, 0x000000072e800000, 0x000000072ea00000|  0%| F|  |TAMS 0x000000072e800000| PB 0x000000072e800000| Untracked |  0
| 276|0x000000072ea00000, 0x000000072ea00000, 0x000000072ec00000|  0%| F|  |TAMS 0x000000072ea00000| PB 0x000000072ea00000| Untracked |  0
| 277|0x000000072ec00000, 0x000000072ec00000, 0x000000072ee00000|  0%| F|  |TAMS 0x000000072ec00000| PB 0x000000072ec00000| Untracked |  0
| 278|0x000000072ee00000, 0x000000072ee00000, 0x000000072f000000|  0%| F|  |TAMS 0x000000072ee00000| PB 0x000000072ee00000| Untracked |  0
| 279|0x000000072f000000, 0x000000072f000000, 0x000000072f200000|  0%| F|  |TAMS 0x000000072f000000| PB 0x000000072f000000| Untracked |  0
| 280|0x000000072f200000, 0x000000072f200000, 0x000000072f400000|  0%| F|  |TAMS 0x000000072f200000| PB 0x000000072f200000| Untracked |  0
| 281|0x000000072f400000, 0x000000072f400000, 0x000000072f600000|  0%| F|  |TAMS 0x000000072f400000| PB 0x000000072f400000| Untracked |  0
| 282|0x000000072f600000, 0x000000072f600000, 0x000000072f800000|  0%| F|  |TAMS 0x000000072f600000| PB 0x000000072f600000| Untracked |  0
| 283|0x000000072f800000, 0x000000072f800000, 0x000000072fa00000|  0%| F|  |TAMS 0x000000072f800000| PB 0x000000072f800000| Untracked |  0
| 284|0x000000072fa00000, 0x000000072fa00000, 0x000000072fc00000|  0%| F|  |TAMS 0x000000072fa00000| PB 0x000000072fa00000| Untracked |  0
| 285|0x000000072fc00000, 0x000000072fc00000, 0x000000072fe00000|  0%| F|  |TAMS 0x000000072fc00000| PB 0x000000072fc00000| Untracked |  0
| 286|0x000000072fe00000, 0x000000072fe00000, 0x0000000730000000|  0%| F|  |TAMS 0x000000072fe00000| PB 0x000000072fe00000| Untracked |  0
| 287|0x0000000730000000, 0x0000000730000000, 0x0000000730200000|  0%| F|  |TAMS 0x0000000730000000| PB 0x0000000730000000| Untracked |  0
| 288|0x0000000730200000, 0x0000000730200000, 0x0000000730400000|  0%| F|  |TAMS 0x0000000730200000| PB 0x0000000730200000| Untracked |  0
| 289|0x0000000730400000, 0x0000000730400000, 0x0000000730600000|  0%| F|  |TAMS 0x0000000730400000| PB 0x0000000730400000| Untracked |  0
| 290|0x0000000730600000, 0x0000000730600000, 0x0000000730800000|  0%| F|  |TAMS 0x0000000730600000| PB 0x0000000730600000| Untracked |  0
| 291|0x0000000730800000, 0x0000000730800000, 0x0000000730a00000|  0%| F|  |TAMS 0x0000000730800000| PB 0x0000000730800000| Untracked |  0
| 292|0x0000000730a00000, 0x0000000730a00000, 0x0000000730c00000|  0%| F|  |TAMS 0x0000000730a00000| PB 0x0000000730a00000| Untracked |  0
| 293|0x0000000730c00000, 0x0000000730c00000, 0x0000000730e00000|  0%| F|  |TAMS 0x0000000730c00000| PB 0x0000000730c00000| Untracked |  0
| 294|0x0000000730e00000, 0x0000000730e00000, 0x0000000731000000|  0%| F|  |TAMS 0x0000000730e00000| PB 0x0000000730e00000| Untracked |  0
| 295|0x0000000731000000, 0x0000000731000000, 0x0000000731200000|  0%| F|  |TAMS 0x0000000731000000| PB 0x0000000731000000| Untracked |  0
| 296|0x0000000731200000, 0x0000000731200000, 0x0000000731400000|  0%| F|  |TAMS 0x0000000731200000| PB 0x0000000731200000| Untracked |  0
| 297|0x0000000731400000, 0x0000000731400000, 0x0000000731600000|  0%| F|  |TAMS 0x0000000731400000| PB 0x0000000731400000| Untracked |  0
| 298|0x0000000731600000, 0x0000000731600000, 0x0000000731800000|  0%| F|  |TAMS 0x0000000731600000| PB 0x0000000731600000| Untracked |  0
| 299|0x0000000731800000, 0x0000000731800000, 0x0000000731a00000|  0%| F|  |TAMS 0x0000000731800000| PB 0x0000000731800000| Untracked |  0
| 300|0x0000000731a00000, 0x0000000731a00000, 0x0000000731c00000|  0%| F|  |TAMS 0x0000000731a00000| PB 0x0000000731a00000| Untracked |  0
| 301|0x0000000731c00000, 0x0000000731c00000, 0x0000000731e00000|  0%| F|  |TAMS 0x0000000731c00000| PB 0x0000000731c00000| Untracked |  0
| 302|0x0000000731e00000, 0x0000000731e00000, 0x0000000732000000|  0%| F|  |TAMS 0x0000000731e00000| PB 0x0000000731e00000| Untracked |  0
| 303|0x0000000732000000, 0x0000000732000000, 0x0000000732200000|  0%| F|  |TAMS 0x0000000732000000| PB 0x0000000732000000| Untracked |  0
| 304|0x0000000732200000, 0x0000000732200000, 0x0000000732400000|  0%| F|  |TAMS 0x0000000732200000| PB 0x0000000732200000| Untracked |  0
| 305|0x0000000732400000, 0x0000000732400000, 0x0000000732600000|  0%| F|  |TAMS 0x0000000732400000| PB 0x0000000732400000| Untracked |  0
| 306|0x0000000732600000, 0x0000000732600000, 0x0000000732800000|  0%| F|  |TAMS 0x0000000732600000| PB 0x0000000732600000| Untracked |  0
| 307|0x0000000732800000, 0x0000000732800000, 0x0000000732a00000|  0%| F|  |TAMS 0x0000000732800000| PB 0x0000000732800000| Untracked |  0
| 308|0x0000000732a00000, 0x0000000732a00000, 0x0000000732c00000|  0%| F|  |TAMS 0x0000000732a00000| PB 0x0000000732a00000| Untracked |  0
| 309|0x0000000732c00000, 0x0000000732c00000, 0x0000000732e00000|  0%| F|  |TAMS 0x0000000732c00000| PB 0x0000000732c00000| Untracked |  0
| 310|0x0000000732e00000, 0x0000000732e00000, 0x0000000733000000|  0%| F|  |TAMS 0x0000000732e00000| PB 0x0000000732e00000| Untracked |  0
| 311|0x0000000733000000, 0x0000000733000000, 0x0000000733200000|  0%| F|  |TAMS 0x0000000733000000| PB 0x0000000733000000| Untracked |  0
| 312|0x0000000733200000, 0x0000000733200000, 0x0000000733400000|  0%| F|  |TAMS 0x0000000733200000| PB 0x0000000733200000| Untracked |  0
| 313|0x0000000733400000, 0x0000000733400000, 0x0000000733600000|  0%| F|  |TAMS 0x0000000733400000| PB 0x0000000733400000| Untracked |  0
| 314|0x0000000733600000, 0x0000000733600000, 0x0000000733800000|  0%| F|  |TAMS 0x0000000733600000| PB 0x0000000733600000| Untracked |  0
| 315|0x0000000733800000, 0x0000000733800000, 0x0000000733a00000|  0%| F|  |TAMS 0x0000000733800000| PB 0x0000000733800000| Untracked |  0
| 316|0x0000000733a00000, 0x0000000733a00000, 0x0000000733c00000|  0%| F|  |TAMS 0x0000000733a00000| PB 0x0000000733a00000| Untracked |  0
| 317|0x0000000733c00000, 0x0000000733c00000, 0x0000000733e00000|  0%| F|  |TAMS 0x0000000733c00000| PB 0x0000000733c00000| Untracked |  0
| 318|0x0000000733e00000, 0x0000000733e00000, 0x0000000734000000|  0%| F|  |TAMS 0x0000000733e00000| PB 0x0000000733e00000| Untracked |  0
| 319|0x0000000734000000, 0x0000000734000000, 0x0000000734200000|  0%| F|  |TAMS 0x0000000734000000| PB 0x0000000734000000| Untracked |  0
| 320|0x0000000734200000, 0x0000000734200000, 0x0000000734400000|  0%| F|  |TAMS 0x0000000734200000| PB 0x0000000734200000| Untracked |  0
| 321|0x0000000734400000, 0x0000000734400000, 0x0000000734600000|  0%| F|  |TAMS 0x0000000734400000| PB 0x0000000734400000| Untracked |  0
| 322|0x0000000734600000, 0x0000000734600000, 0x0000000734800000|  0%| F|  |TAMS 0x0000000734600000| PB 0x0000000734600000| Untracked |  0
| 323|0x0000000734800000, 0x0000000734800000, 0x0000000734a00000|  0%| F|  |TAMS 0x0000000734800000| PB 0x0000000734800000| Untracked |  0
| 324|0x0000000734a00000, 0x0000000734a00000, 0x0000000734c00000|  0%| F|  |TAMS 0x0000000734a00000| PB 0x0000000734a00000| Untracked |  0
| 325|0x0000000734c00000, 0x0000000734c00000, 0x0000000734e00000|  0%| F|  |TAMS 0x0000000734c00000| PB 0x0000000734c00000| Untracked |  0
| 326|0x0000000734e00000, 0x0000000734e00000, 0x0000000735000000|  0%| F|  |TAMS 0x0000000734e00000| PB 0x0000000734e00000| Untracked |  0
| 327|0x0000000735000000, 0x0000000735000000, 0x0000000735200000|  0%| F|  |TAMS 0x0000000735000000| PB 0x0000000735000000| Untracked |  0
| 328|0x0000000735200000, 0x0000000735200000, 0x0000000735400000|  0%| F|  |TAMS 0x0000000735200000| PB 0x0000000735200000| Untracked |  0
| 329|0x0000000735400000, 0x0000000735400000, 0x0000000735600000|  0%| F|  |TAMS 0x0000000735400000| PB 0x0000000735400000| Untracked |  0
| 330|0x0000000735600000, 0x0000000735600000, 0x0000000735800000|  0%| F|  |TAMS 0x0000000735600000| PB 0x0000000735600000| Untracked |  0
| 331|0x0000000735800000, 0x0000000735800000, 0x0000000735a00000|  0%| F|  |TAMS 0x0000000735800000| PB 0x0000000735800000| Untracked |  0
| 332|0x0000000735a00000, 0x0000000735a00000, 0x0000000735c00000|  0%| F|  |TAMS 0x0000000735a00000| PB 0x0000000735a00000| Untracked |  0
| 333|0x0000000735c00000, 0x0000000735c00000, 0x0000000735e00000|  0%| F|  |TAMS 0x0000000735c00000| PB 0x0000000735c00000| Untracked |  0
| 334|0x0000000735e00000, 0x0000000735e00000, 0x0000000736000000|  0%| F|  |TAMS 0x0000000735e00000| PB 0x0000000735e00000| Untracked |  0
| 335|0x0000000736000000, 0x0000000736000000, 0x0000000736200000|  0%| F|  |TAMS 0x0000000736000000| PB 0x0000000736000000| Untracked |  0
| 336|0x0000000736200000, 0x0000000736200000, 0x0000000736400000|  0%| F|  |TAMS 0x0000000736200000| PB 0x0000000736200000| Untracked |  0
| 337|0x0000000736400000, 0x0000000736400000, 0x0000000736600000|  0%| F|  |TAMS 0x0000000736400000| PB 0x0000000736400000| Untracked |  0
| 338|0x0000000736600000, 0x0000000736600000, 0x0000000736800000|  0%| F|  |TAMS 0x0000000736600000| PB 0x0000000736600000| Untracked |  0
| 339|0x0000000736800000, 0x0000000736800000, 0x0000000736a00000|  0%| F|  |TAMS 0x0000000736800000| PB 0x0000000736800000| Untracked |  0
| 340|0x0000000736a00000, 0x0000000736a00000, 0x0000000736c00000|  0%| F|  |TAMS 0x0000000736a00000| PB 0x0000000736a00000| Untracked |  0
| 341|0x0000000736c00000, 0x0000000736c00000, 0x0000000736e00000|  0%| F|  |TAMS 0x0000000736c00000| PB 0x0000000736c00000| Untracked |  0
| 342|0x0000000736e00000, 0x0000000736e00000, 0x0000000737000000|  0%| F|  |TAMS 0x0000000736e00000| PB 0x0000000736e00000| Untracked |  0
| 343|0x0000000737000000, 0x0000000737000000, 0x0000000737200000|  0%| F|  |TAMS 0x0000000737000000| PB 0x0000000737000000| Untracked |  0
| 344|0x0000000737200000, 0x0000000737200000, 0x0000000737400000|  0%| F|  |TAMS 0x0000000737200000| PB 0x0000000737200000| Untracked |  0
| 345|0x0000000737400000, 0x00000007375bbc58, 0x0000000737600000| 86%| E|  |TAMS 0x0000000737400000| PB 0x0000000737400000| Complete |  0
| 346|0x0000000737600000, 0x0000000737800000, 0x0000000737800000|100%| E|CS|TAMS 0x0000000737600000| PB 0x0000000737600000| Complete |  0
| 347|0x0000000737800000, 0x00000007379fa5e0, 0x0000000737a00000| 98%| E|  |TAMS 0x0000000737800000| PB 0x0000000737800000| Complete |  0
| 348|0x0000000737a00000, 0x0000000737c00000, 0x0000000737c00000|100%| E|CS|TAMS 0x0000000737a00000| PB 0x0000000737a00000| Complete |  0
| 349|0x0000000737c00000, 0x0000000737e00000, 0x0000000737e00000|100%| E|CS|TAMS 0x0000000737c00000| PB 0x0000000737c00000| Complete |  0
| 350|0x0000000737e00000, 0x0000000738000000, 0x0000000738000000|100%| E|CS|TAMS 0x0000000737e00000| PB 0x0000000737e00000| Complete |  0
| 351|0x0000000738000000, 0x0000000738200000, 0x0000000738200000|100%| E|CS|TAMS 0x0000000738000000| PB 0x0000000738000000| Complete |  0
| 352|0x0000000738200000, 0x0000000738400000, 0x0000000738400000|100%| E|CS|TAMS 0x0000000738200000| PB 0x0000000738200000| Complete |  0
| 353|0x0000000738400000, 0x0000000738600000, 0x0000000738600000|100%| E|CS|TAMS 0x0000000738400000| PB 0x0000000738400000| Complete |  0
| 354|0x0000000738600000, 0x0000000738800000, 0x0000000738800000|100%| E|CS|TAMS 0x0000000738600000| PB 0x0000000738600000| Complete |  0
| 355|0x0000000738800000, 0x0000000738a00000, 0x0000000738a00000|100%| E|CS|TAMS 0x0000000738800000| PB 0x0000000738800000| Complete |  0
| 356|0x0000000738a00000, 0x0000000738c00000, 0x0000000738c00000|100%| E|CS|TAMS 0x0000000738a00000| PB 0x0000000738a00000| Complete |  0
| 357|0x0000000738c00000, 0x0000000738e00000, 0x0000000738e00000|100%| E|CS|TAMS 0x0000000738c00000| PB 0x0000000738c00000| Complete |  0
| 358|0x0000000738e00000, 0x0000000739000000, 0x0000000739000000|100%| E|CS|TAMS 0x0000000738e00000| PB 0x0000000738e00000| Complete |  0
| 359|0x0000000739000000, 0x0000000739200000, 0x0000000739200000|100%| E|CS|TAMS 0x0000000739000000| PB 0x0000000739000000| Complete |  0
| 360|0x0000000739200000, 0x0000000739400000, 0x0000000739400000|100%| E|CS|TAMS 0x0000000739200000| PB 0x0000000739200000| Complete |  0
| 361|0x0000000739400000, 0x0000000739600000, 0x0000000739600000|100%| E|CS|TAMS 0x0000000739400000| PB 0x0000000739400000| Complete |  0
| 362|0x0000000739600000, 0x0000000739800000, 0x0000000739800000|100%| E|CS|TAMS 0x0000000739600000| PB 0x0000000739600000| Complete |  0
| 363|0x0000000739800000, 0x0000000739a00000, 0x0000000739a00000|100%| E|CS|TAMS 0x0000000739800000| PB 0x0000000739800000| Complete |  0
| 364|0x0000000739a00000, 0x0000000739c00000, 0x0000000739c00000|100%| E|CS|TAMS 0x0000000739a00000| PB 0x0000000739a00000| Complete |  0
| 365|0x0000000739c00000, 0x0000000739e00000, 0x0000000739e00000|100%| E|CS|TAMS 0x0000000739c00000| PB 0x0000000739c00000| Complete |  0
| 366|0x0000000739e00000, 0x000000073a000000, 0x000000073a000000|100%| E|CS|TAMS 0x0000000739e00000| PB 0x0000000739e00000| Complete |  0
| 367|0x000000073a000000, 0x000000073a200000, 0x000000073a200000|100%| E|CS|TAMS 0x000000073a000000| PB 0x000000073a000000| Complete |  0
| 368|0x000000073a200000, 0x000000073a400000, 0x000000073a400000|100%| E|CS|TAMS 0x000000073a200000| PB 0x000000073a200000| Complete |  0
| 369|0x000000073a400000, 0x000000073a600000, 0x000000073a600000|100%| E|CS|TAMS 0x000000073a400000| PB 0x000000073a400000| Complete |  0
| 370|0x000000073a600000, 0x000000073a800000, 0x000000073a800000|100%| E|CS|TAMS 0x000000073a600000| PB 0x000000073a600000| Complete |  0
| 371|0x000000073a800000, 0x000000073aa00000, 0x000000073aa00000|100%| E|CS|TAMS 0x000000073a800000| PB 0x000000073a800000| Complete |  0
| 372|0x000000073aa00000, 0x000000073ac00000, 0x000000073ac00000|100%| E|CS|TAMS 0x000000073aa00000| PB 0x000000073aa00000| Complete |  0
| 373|0x000000073ac00000, 0x000000073ae00000, 0x000000073ae00000|100%| E|CS|TAMS 0x000000073ac00000| PB 0x000000073ac00000| Complete |  0
| 374|0x000000073ae00000, 0x000000073b000000, 0x000000073b000000|100%| E|CS|TAMS 0x000000073ae00000| PB 0x000000073ae00000| Complete |  0
| 375|0x000000073b000000, 0x000000073b200000, 0x000000073b200000|100%| E|CS|TAMS 0x000000073b000000| PB 0x000000073b000000| Complete |  0
| 376|0x000000073b200000, 0x000000073b400000, 0x000000073b400000|100%| E|CS|TAMS 0x000000073b200000| PB 0x000000073b200000| Complete |  0
| 377|0x000000073b400000, 0x000000073b600000, 0x000000073b600000|100%| E|CS|TAMS 0x000000073b400000| PB 0x000000073b400000| Complete |  0

Card table byte_map: [0x000001d1c7f20000,0x000001d1c86c0000] _byte_map_base: 0x000001d1c46bf000

Marking Bits: (CMBitMap*) 0x000001d1add107a0
 Bits: [0x000001d1c86c0000, 0x000001d1cc3b8000)

Polling page: 0x000001d1add70000

Metaspace:

Usage:
  Non-class:      2.87 MB used.
      Class:    255.27 KB used.
       Both:      3.12 MB used.

Virtual space:
  Non-class space:       64.00 MB reserved,       3.06 MB (  5%) committed,  1 nodes.
      Class space:        1.00 GB reserved,     448.00 KB ( <1%) committed,  1 nodes.
             Both:        1.06 GB reserved,       3.50 MB ( <1%) committed. 

Chunk freelists:
   Non-Class:  10.97 MB
       Class:  15.48 MB
        Both:  26.45 MB

MaxMetaspaceSize: unlimited
CompressedClassSpaceSize: 1.00 GB
Initial GC threshold: 21.00 MB
Current GC threshold: 21.00 MB
CDS: on
 - commit_granule_bytes: 65536.
 - commit_granule_words: 8192.
 - virtual_space_node_default_size: 8388608.
 - enlarge_chunks_in_place: 1.
 - use_allocation_guard: 0.


Internal statistics:

num_allocs_failed_limit: 0.
num_arena_births: 456.
num_arena_deaths: 0.
num_vsnodes_births: 2.
num_vsnodes_deaths: 0.
num_space_committed: 56.
num_space_uncommitted: 0.
num_chunks_returned_to_freelist: 0.
num_chunks_taken_from_freelist: 606.
num_chunk_merges: 0.
num_chunk_splits: 363.
num_chunks_enlarged: 136.
num_inconsistent_stats: 0.

CodeHeap 'non-profiled nmethods': size=119168Kb used=1704Kb max_used=1704Kb free=117464Kb
 bounds [0x000001d1bf360000, 0x000001d1bf5d0000, 0x000001d1c67c0000]
CodeHeap 'profiled nmethods': size=119104Kb used=3753Kb max_used=3753Kb free=115350Kb
 bounds [0x000001d1b77c0000, 0x000001d1b7b70000, 0x000001d1bec10000]
CodeHeap 'non-nmethods': size=7488Kb used=2018Kb max_used=3244Kb free=5469Kb
 bounds [0x000001d1bec10000, 0x000001d1bef50000, 0x000001d1bf360000]
 total_blobs=2530 nmethods=1988 adapters=446
 compilation: enabled
              stopped_count=0, restarted_count=0
 full_count=0

Compilation events (20 events):
Event: 5.090 Thread 0x000001d1cf445dc0 nmethod 1973 0x000001d1bf506d90 code [0x000001d1bf506f20, 0x000001d1bf507038]
Event: 5.091 Thread 0x000001d1cf445dc0 1974       4       sun.util.calendar.ZoneInfo::getOffsets (342 bytes)
Event: 5.094 Thread 0x000001d1cf445dc0 nmethod 1974 0x000001d1bf507190 code [0x000001d1bf507340, 0x000001d1bf507788]
Event: 5.159 Thread 0x000001d1cf445dc0 1975   !   4       java.io.FileOutputStream::write (47 bytes)
Event: 5.170 Thread 0x000001d1cf445dc0 nmethod 1975 0x000001d1bf507c10 code [0x000001d1bf507da0, 0x000001d1bf507f10]
Event: 5.363 Thread 0x000001d2157c9310 1976       3       Team.CloudStorage.EAVONE.VNE::GetKShortestPath (311 bytes)
Event: 5.364 Thread 0x000001d2157c9310 nmethod 1976 0x000001d1b7b5c290 code [0x000001d1b7b5c740, 0x000001d1b7b5ee68]
Event: 5.432 Thread 0x000001d1cf445dc0 1977       4       java.lang.StringBuilder::length (5 bytes)
Event: 5.432 Thread 0x000001d1cf445dc0 nmethod 1977 0x000001d1bf508110 code [0x000001d1bf508280, 0x000001d1bf508308]
Event: 5.530 Thread 0x000001d1cf4572c0 1978       3       Team.CloudStorage.EAVONE.VNE::FindNoEmbedVLink (139 bytes)
Event: 5.530 Thread 0x000001d1cf4572c0 nmethod 1978 0x000001d1b7b5fc10 code [0x000001d1b7b5fde0, 0x000001d1b7b60228]
Event: 5.701 Thread 0x000001d1cf445dc0 1979   !   4       java.io.BufferedReader::readLine (72 bytes)
Event: 5.705 Thread 0x000001d1cf445dc0 nmethod 1979 0x000001d1bf508410 code [0x000001d1bf5085e0, 0x000001d1bf508ad8]
Event: 5.779 Thread 0x000001d1cf445dc0 1980       4       jdk.internal.math.DoubleToDecimal::toChars (161 bytes)
Event: 5.792 Thread 0x000001d1cf445dc0 nmethod 1980 0x000001d1bf508e90 code [0x000001d1bf509060, 0x000001d1bf5098c8]
Event: 5.852 Thread 0x000001d1cf445dc0 1981 %     4       Team.CloudStorage.EAVONE.VONEByPageRank::FindEnMinElementByVogel @ 397 (1062 bytes)
Event: 5.854 Thread 0x000001d1cf4572c0 1982       3       Team.CloudStorage.EAVONE.VNE::CheckIfEnoughSlotsOnPath (311 bytes)
Event: 5.855 Thread 0x000001d1cf4572c0 nmethod 1982 0x000001d1b7b60490 code [0x000001d1b7b60720, 0x000001d1b7b615f0]
Event: 5.861 Thread 0x000001d2157c9310 1984       3       Team.CloudStorage.EAVONE.VNE::UpdateSub (432 bytes)
Event: 5.864 Thread 0x000001d2157c9310 nmethod 1984 0x000001d1b7b61b10 code [0x000001d1b7b62180, 0x000001d1b7b65310]

GC Heap History (20 events):
Event: 5.288 GC heap before
{Heap before GC invocations=67 (full 0):
 garbage-first heap   total reserved 3995648K, committed 774144K, used 465174K [0x000000070c200000, 0x0000000800000000)
  region size 2048K, 226 young (462848K), 1 survivors (2048K)
 Metaspace       used 3177K, committed 3584K, reserved 1114112K
  class space    used 255K, committed 448K, reserved 1048576K
}
Event: 5.288 GC heap after
{Heap after GC invocations=68 (full 0):
 garbage-first heap   total reserved 3995648K, committed 774144K, used 6438K [0x000000070c200000, 0x0000000800000000)
  region size 2048K, 1 young (2048K), 1 survivors (2048K)
 Metaspace       used 3177K, committed 3584K, reserved 1114112K
  class space    used 255K, committed 448K, reserved 1048576K
}
Event: 5.343 GC heap before
{Heap before GC invocations=68 (full 0):
 garbage-first heap   total reserved 3995648K, committed 774144K, used 465190K [0x000000070c200000, 0x0000000800000000)
  region size 2048K, 226 young (462848K), 1 survivors (2048K)
 Metaspace       used 3177K, committed 3584K, reserved 1114112K
  class space    used 255K, committed 448K, reserved 1048576K
}
Event: 5.344 GC heap after
{Heap after GC invocations=69 (full 0):
 garbage-first heap   total reserved 3995648K, committed 774144K, used 6439K [0x000000070c200000, 0x0000000800000000)
  region size 2048K, 1 young (2048K), 1 survivors (2048K)
 Metaspace       used 3177K, committed 3584K, reserved 1114112K
  class space    used 255K, committed 448K, reserved 1048576K
}
Event: 5.405 GC heap before
{Heap before GC invocations=69 (full 0):
 garbage-first heap   total reserved 3995648K, committed 774144K, used 465191K [0x000000070c200000, 0x0000000800000000)
  region size 2048K, 226 young (462848K), 1 survivors (2048K)
 Metaspace       used 3182K, committed 3584K, reserved 1114112K
  class space    used 255K, committed 448K, reserved 1048576K
}
Event: 5.405 GC heap after
{Heap after GC invocations=70 (full 0):
 garbage-first heap   total reserved 3995648K, committed 774144K, used 6427K [0x000000070c200000, 0x0000000800000000)
  region size 2048K, 1 young (2048K), 1 survivors (2048K)
 Metaspace       used 3182K, committed 3584K, reserved 1114112K
  class space    used 255K, committed 448K, reserved 1048576K
}
Event: 5.466 GC heap before
{Heap before GC invocations=70 (full 0):
 garbage-first heap   total reserved 3995648K, committed 774144K, used 465179K [0x000000070c200000, 0x0000000800000000)
  region size 2048K, 226 young (462848K), 1 survivors (2048K)
 Metaspace       used 3182K, committed 3584K, reserved 1114112K
  class space    used 255K, committed 448K, reserved 1048576K
}
Event: 5.468 GC heap after
{Heap after GC invocations=71 (full 0):
 garbage-first heap   total reserved 3995648K, committed 774144K, used 6448K [0x000000070c200000, 0x0000000800000000)
  region size 2048K, 1 young (2048K), 1 survivors (2048K)
 Metaspace       used 3182K, committed 3584K, reserved 1114112K
  class space    used 255K, committed 448K, reserved 1048576K
}
Event: 5.556 GC heap before
{Heap before GC invocations=71 (full 0):
 garbage-first heap   total reserved 3995648K, committed 774144K, used 465200K [0x000000070c200000, 0x0000000800000000)
  region size 2048K, 226 young (462848K), 1 survivors (2048K)
 Metaspace       used 3183K, committed 3584K, reserved 1114112K
  class space    used 255K, committed 448K, reserved 1048576K
}
Event: 5.556 GC heap after
{Heap after GC invocations=72 (full 0):
 garbage-first heap   total reserved 3995648K, committed 774144K, used 6452K [0x000000070c200000, 0x0000000800000000)
  region size 2048K, 1 young (2048K), 1 survivors (2048K)
 Metaspace       used 3183K, committed 3584K, reserved 1114112K
  class space    used 255K, committed 448K, reserved 1048576K
}
Event: 5.635 GC heap before
{Heap before GC invocations=72 (full 0):
 garbage-first heap   total reserved 3995648K, committed 774144K, used 465204K [0x000000070c200000, 0x0000000800000000)
  region size 2048K, 226 young (462848K), 1 survivors (2048K)
 Metaspace       used 3183K, committed 3584K, reserved 1114112K
  class space    used 255K, committed 448K, reserved 1048576K
}
Event: 5.636 GC heap after
{Heap after GC invocations=73 (full 0):
 garbage-first heap   total reserved 3995648K, committed 774144K, used 6454K [0x000000070c200000, 0x0000000800000000)
  region size 2048K, 1 young (2048K), 1 survivors (2048K)
 Metaspace       used 3183K, committed 3584K, reserved 1114112K
  class space    used 255K, committed 448K, reserved 1048576K
}
Event: 5.696 GC heap before
{Heap before GC invocations=73 (full 0):
 garbage-first heap   total reserved 3995648K, committed 774144K, used 465206K [0x000000070c200000, 0x0000000800000000)
  region size 2048K, 226 young (462848K), 1 survivors (2048K)
 Metaspace       used 3183K, committed 3584K, reserved 1114112K
  class space    used 255K, committed 448K, reserved 1048576K
}
Event: 5.697 GC heap after
{Heap after GC invocations=74 (full 0):
 garbage-first heap   total reserved 3995648K, committed 774144K, used 6486K [0x000000070c200000, 0x0000000800000000)
  region size 2048K, 1 young (2048K), 1 survivors (2048K)
 Metaspace       used 3183K, committed 3584K, reserved 1114112K
  class space    used 255K, committed 448K, reserved 1048576K
}
Event: 5.759 GC heap before
{Heap before GC invocations=74 (full 0):
 garbage-first heap   total reserved 3995648K, committed 774144K, used 465238K [0x000000070c200000, 0x0000000800000000)
  region size 2048K, 226 young (462848K), 1 survivors (2048K)
 Metaspace       used 3183K, committed 3584K, reserved 1114112K
  class space    used 255K, committed 448K, reserved 1048576K
}
Event: 5.759 GC heap after
{Heap after GC invocations=75 (full 0):
 garbage-first heap   total reserved 3995648K, committed 774144K, used 6490K [0x000000070c200000, 0x0000000800000000)
  region size 2048K, 1 young (2048K), 1 survivors (2048K)
 Metaspace       used 3183K, committed 3584K, reserved 1114112K
  class space    used 255K, committed 448K, reserved 1048576K
}
Event: 5.830 GC heap before
{Heap before GC invocations=75 (full 0):
 garbage-first heap   total reserved 3995648K, committed 774144K, used 465242K [0x000000070c200000, 0x0000000800000000)
  region size 2048K, 226 young (462848K), 1 survivors (2048K)
 Metaspace       used 3183K, committed 3584K, reserved 1114112K
  class space    used 255K, committed 448K, reserved 1048576K
}
Event: 5.830 GC heap after
{Heap after GC invocations=76 (full 0):
 garbage-first heap   total reserved 3995648K, committed 774144K, used 6491K [0x000000070c200000, 0x0000000800000000)
  region size 2048K, 1 young (2048K), 1 survivors (2048K)
 Metaspace       used 3183K, committed 3584K, reserved 1114112K
  class space    used 255K, committed 448K, reserved 1048576K
}
Event: 5.896 GC heap before
{Heap before GC invocations=76 (full 0):
 garbage-first heap   total reserved 3995648K, committed 774144K, used 465243K [0x000000070c200000, 0x0000000800000000)
  region size 2048K, 226 young (462848K), 1 survivors (2048K)
 Metaspace       used 3187K, committed 3584K, reserved 1114112K
  class space    used 255K, committed 448K, reserved 1048576K
}
Event: 5.897 GC heap after
{Heap after GC invocations=77 (full 0):
 garbage-first heap   total reserved 3995648K, committed 774144K, used 6493K [0x000000070c200000, 0x0000000800000000)
  region size 2048K, 1 young (2048K), 1 survivors (2048K)
 Metaspace       used 3187K, committed 3584K, reserved 1114112K
  class space    used 255K, committed 448K, reserved 1048576K
}

Dll operation events (10 events):
Event: 0.014 Loaded shared library C:\Users\34529\.jdks\openjdk-22.0.1\bin\java.dll
Event: 0.046 Loaded shared library C:\Users\34529\.jdks\openjdk-22.0.1\bin\jsvml.dll
Event: 0.078 Loaded shared library C:\Users\34529\.jdks\openjdk-22.0.1\bin\zip.dll
Event: 0.082 Loaded shared library C:\Users\34529\.jdks\openjdk-22.0.1\bin\instrument.dll
Event: 0.087 Loaded shared library C:\Users\34529\.jdks\openjdk-22.0.1\bin\net.dll
Event: 0.089 Loaded shared library C:\Users\34529\.jdks\openjdk-22.0.1\bin\nio.dll
Event: 0.094 Loaded shared library C:\Users\34529\.jdks\openjdk-22.0.1\bin\zip.dll
Event: 0.104 Loaded shared library C:\Program Files\JetBrains\IntelliJ IDEA 2022.2.3\bin\breakgen64.dll
Event: 0.115 Loaded shared library C:\Users\34529\.jdks\openjdk-22.0.1\bin\extnet.dll
Event: 0.792 Loaded shared library C:\Users\34529\.jdks\openjdk-22.0.1\bin\jimage.dll

Deoptimization events (20 events):
Event: 4.033 Thread 0x000001d1adca94f0 DEOPT PACKING pc=0x000001d1bf3ed974 sp=0x00000021825fe8b0
Event: 4.033 Thread 0x000001d1adca94f0 DEOPT UNPACKING pc=0x000001d1bec646a2 sp=0x00000021825fe868 mode 2
Event: 4.226 Thread 0x000001d1adca94f0 DEOPT PACKING pc=0x000001d1b7af17e5 sp=0x00000021825fec50
Event: 4.226 Thread 0x000001d1adca94f0 DEOPT UNPACKING pc=0x000001d1bec64e42 sp=0x00000021825fe378 mode 0
Event: 4.269 Thread 0x000001d1adca94f0 DEOPT PACKING pc=0x000001d1b7af17e5 sp=0x00000021825fec50
Event: 4.269 Thread 0x000001d1adca94f0 DEOPT UNPACKING pc=0x000001d1bec64e42 sp=0x00000021825fe378 mode 0
Event: 4.303 Thread 0x000001d1adca94f0 DEOPT PACKING pc=0x000001d1b7af17e5 sp=0x00000021825fec50
Event: 4.303 Thread 0x000001d1adca94f0 DEOPT UNPACKING pc=0x000001d1bec64e42 sp=0x00000021825fe378 mode 0
Event: 4.337 Thread 0x000001d1adca94f0 DEOPT PACKING pc=0x000001d1b7af17e5 sp=0x00000021825fec50
Event: 4.337 Thread 0x000001d1adca94f0 DEOPT UNPACKING pc=0x000001d1bec64e42 sp=0x00000021825fe378 mode 0
Event: 4.368 Thread 0x000001d1adca94f0 DEOPT PACKING pc=0x000001d1b7af17e5 sp=0x00000021825fec50
Event: 4.368 Thread 0x000001d1adca94f0 DEOPT UNPACKING pc=0x000001d1bec64e42 sp=0x00000021825fe378 mode 0
Event: 4.401 Thread 0x000001d1adca94f0 DEOPT PACKING pc=0x000001d1b7af17e5 sp=0x00000021825fec50
Event: 4.401 Thread 0x000001d1adca94f0 DEOPT UNPACKING pc=0x000001d1bec64e42 sp=0x00000021825fe378 mode 0
Event: 4.435 Thread 0x000001d1adca94f0 DEOPT PACKING pc=0x000001d1b7af17e5 sp=0x00000021825fec50
Event: 4.435 Thread 0x000001d1adca94f0 DEOPT UNPACKING pc=0x000001d1bec64e42 sp=0x00000021825fe378 mode 0
Event: 4.472 Thread 0x000001d1adca94f0 DEOPT PACKING pc=0x000001d1b7af17e5 sp=0x00000021825fec50
Event: 4.472 Thread 0x000001d1adca94f0 DEOPT UNPACKING pc=0x000001d1bec64e42 sp=0x00000021825fe378 mode 0
Event: 4.507 Thread 0x000001d1adca94f0 DEOPT PACKING pc=0x000001d1b7af17e5 sp=0x00000021825fec50
Event: 4.507 Thread 0x000001d1adca94f0 DEOPT UNPACKING pc=0x000001d1bec64e42 sp=0x00000021825fe378 mode 0

Classes loaded (20 events):
Event: 1.076 Loading class sun/util/cldr/CLDRTimeZoneNameProviderImpl
Event: 1.076 Loading class sun/util/locale/provider/TimeZoneNameProviderImpl
Event: 1.076 Loading class sun/util/locale/provider/TimeZoneNameProviderImpl done
Event: 1.076 Loading class sun/util/cldr/CLDRTimeZoneNameProviderImpl done
Event: 1.077 Loading class sun/util/locale/provider/BaseLocaleDataMetaInfo
Event: 1.078 Loading class sun/util/locale/provider/BaseLocaleDataMetaInfo done
Event: 1.079 Loading class sun/util/resources/cldr/TimeZoneNames
Event: 1.080 Loading class sun/util/resources/TimeZoneNamesBundle
Event: 1.080 Loading class sun/util/resources/OpenListResourceBundle
Event: 1.080 Loading class sun/util/resources/OpenListResourceBundle done
Event: 1.080 Loading class sun/util/resources/TimeZoneNamesBundle done
Event: 1.080 Loading class sun/util/resources/cldr/TimeZoneNames done
Event: 1.080 Loading class sun/util/resources/cldr/TimeZoneNames_en
Event: 1.081 Loading class sun/util/resources/cldr/TimeZoneNames_en done
Event: 1.081 Loading class sun/util/resources/cldr/TimeZoneNames_en_US
Event: 1.081 Loading class sun/util/resources/cldr/TimeZoneNames_en_US done
Event: 1.082 Loading class java/util/LinkedHashMap$LinkedKeySet
Event: 1.082 Loading class java/util/LinkedHashMap$LinkedKeySet done
Event: 4.186 Loading class jdk/internal/math/FormattedFPDecimal
Event: 4.187 Loading class jdk/internal/math/FormattedFPDecimal done

Classes unloaded (0 events):
No events

Classes redefined (0 events):
No events

Internal exceptions (5 events):
Event: 0.095 Thread 0x000001d1adca94f0 Exception <a 'java/lang/NoSuchMethodError'{0x000000071b35d530}: 'void java.lang.invoke.DirectMethodHandle$Holder.invokeStatic(java.lang.Object, java.lang.Object, java.lang.Object)'> (0x000000071b35d530) 
thrown [s\open\src\hotspot\share\interpreter\linkResolver.cpp, line 774]
Event: 0.100 Thread 0x000001d1adca94f0 Exception <a 'java/lang/NoSuchMethodError'{0x000000071b3f0030}: 'java.lang.Object java.lang.invoke.Invokers$Holder.invokeExact_MT(java.lang.Object, java.lang.Object, java.lang.Object, java.lang.Object, java.lang.Object)'> (0x000000071b3f0030) 
thrown [s\open\src\hotspot\share\interpreter\linkResolver.cpp, line 774]
Event: 0.117 Thread 0x000001d1cf75ae40 Exception <a 'java/lang/NoSuchMethodError'{0x000000071b009678}: 'void java.lang.invoke.DirectMethodHandle$Holder.invokeStatic(java.lang.Object, java.lang.Object)'> (0x000000071b009678) 
thrown [s\open\src\hotspot\share\interpreter\linkResolver.cpp, line 774]
Event: 0.937 Thread 0x000001d1adca94f0 Exception <a 'java/lang/NoSuchMethodError'{0x000000071758f2e0}: 'java.lang.Object java.lang.invoke.DirectMethodHandle$Holder.invokeSpecial(java.lang.Object, java.lang.Object, int, double)'> (0x000000071758f2e0) 
thrown [s\open\src\hotspot\share\interpreter\linkResolver.cpp, line 774]
Event: 1.083 Thread 0x000001d1cf443500 Exception <a 'java/lang/NoSuchMethodError'{0x00000007257e1060}: 'java.lang.Object java.lang.invoke.Invokers$Holder.invokeExact_MT(java.lang.Object, java.lang.Object, java.lang.Object, java.lang.Object, java.lang.Object, java.lang.Object)'> (0x00000007257e1060) 
thrown [s\open\src\hotspot\share\interpreter\linkResolver.cpp, line 774]

ZGC Phase Switch (0 events):
No events

VM Operations (20 events):
Event: 5.288 Executing VM operation: G1CollectForAllocation (G1 Evacuation Pause)
Event: 5.288 Executing VM operation: G1CollectForAllocation (G1 Evacuation Pause) done
Event: 5.343 Executing VM operation: G1CollectForAllocation (G1 Evacuation Pause)
Event: 5.344 Executing VM operation: G1CollectForAllocation (G1 Evacuation Pause) done
Event: 5.404 Executing VM operation: G1CollectForAllocation (G1 Evacuation Pause)
Event: 5.405 Executing VM operation: G1CollectForAllocation (G1 Evacuation Pause) done
Event: 5.466 Executing VM operation: G1CollectForAllocation (G1 Evacuation Pause)
Event: 5.468 Executing VM operation: G1CollectForAllocation (G1 Evacuation Pause) done
Event: 5.556 Executing VM operation: G1CollectForAllocation (G1 Evacuation Pause)
Event: 5.556 Executing VM operation: G1CollectForAllocation (G1 Evacuation Pause) done
Event: 5.635 Executing VM operation: G1CollectForAllocation (G1 Evacuation Pause)
Event: 5.636 Executing VM operation: G1CollectForAllocation (G1 Evacuation Pause) done
Event: 5.696 Executing VM operation: G1CollectForAllocation (G1 Evacuation Pause)
Event: 5.697 Executing VM operation: G1CollectForAllocation (G1 Evacuation Pause) done
Event: 5.758 Executing VM operation: G1CollectForAllocation (G1 Evacuation Pause)
Event: 5.759 Executing VM operation: G1CollectForAllocation (G1 Evacuation Pause) done
Event: 5.830 Executing VM operation: G1CollectForAllocation (G1 Evacuation Pause)
Event: 5.831 Executing VM operation: G1CollectForAllocation (G1 Evacuation Pause) done
Event: 5.896 Executing VM operation: G1CollectForAllocation (G1 Evacuation Pause)
Event: 5.897 Executing VM operation: G1CollectForAllocation (G1 Evacuation Pause) done

Events (20 events):
Event: 0.786 Thread 0x000001d215449800 Thread added: 0x000001d215449800
Event: 0.786 Thread 0x000001d215449ec0 Thread added: 0x000001d215449ec0
Event: 0.802 Thread 0x000001d2152cd540 Thread added: 0x000001d2152cd540
Event: 1.080 Thread 0x000001d2152cd540 Thread exited: 0x000001d2152cd540
Event: 1.606 Thread 0x000001d2156e9290 Thread added: 0x000001d2156e9290
Event: 1.610 Thread 0x000001d2160a21e0 Thread added: 0x000001d2160a21e0
Event: 1.703 Thread 0x000001d215719810 Thread added: 0x000001d215719810
Event: 2.246 Thread 0x000001d215670460 Thread added: 0x000001d215670460
Event: 2.246 Thread 0x000001d21773b810 Thread added: 0x000001d21773b810
Event: 2.247 Thread 0x000001d2163ee860 Thread added: 0x000001d2163ee860
Event: 2.510 Thread 0x000001d2163ee860 Thread exited: 0x000001d2163ee860
Event: 2.510 Thread 0x000001d21773b810 Thread exited: 0x000001d21773b810
Event: 2.512 Thread 0x000001d215670460 Thread exited: 0x000001d215670460
Event: 2.518 Thread 0x000001d215719810 Thread exited: 0x000001d215719810
Event: 2.755 Thread 0x000001d2160a21e0 Thread exited: 0x000001d2160a21e0
Event: 3.719 Thread 0x000001d215449ec0 Thread exited: 0x000001d215449ec0
Event: 3.719 Thread 0x000001d215449800 Thread exited: 0x000001d215449800
Event: 4.111 Thread 0x000001d218451550 Thread added: 0x000001d218451550
Event: 4.645 Thread 0x000001d218451550 Thread exited: 0x000001d218451550
Event: 4.889 Thread 0x000001d2156e9290 Thread exited: 0x000001d2156e9290


Dynamic libraries:
0x00007ff773d60000 - 0x00007ff773d6e000 	C:\Users\34529\.jdks\openjdk-22.0.1\bin\java.exe
0x00007ffe5c430000 - 0x00007ffe5c647000 	C:\Windows\SYSTEM32\ntdll.dll
0x00007ffe5c2a0000 - 0x00007ffe5c364000 	C:\Windows\System32\KERNEL32.DLL
0x00007ffe59850000 - 0x00007ffe59bfd000 	C:\Windows\System32\KERNELBASE.dll
0x00007ffe59c00000 - 0x00007ffe59d11000 	C:\Windows\System32\ucrtbase.dll
0x00007ffe32620000 - 0x00007ffe32637000 	C:\Users\34529\.jdks\openjdk-22.0.1\bin\jli.dll
0x00007ffe2f4c0000 - 0x00007ffe2f4db000 	C:\Users\34529\.jdks\openjdk-22.0.1\bin\VCRUNTIME140.dll
0x00007ffe5a1d0000 - 0x00007ffe5a37e000 	C:\Windows\System32\USER32.dll
0x00007ffe59760000 - 0x00007ffe59786000 	C:\Windows\System32\win32u.dll
0x00007ffe5c1c0000 - 0x00007ffe5c1e9000 	C:\Windows\System32\GDI32.dll
0x00007ffe58930000 - 0x00007ffe58bc3000 	C:\Windows\WinSxS\amd64_microsoft.windows.common-controls_6595b64144ccf1df_6.0.22621.3672_none_2713b9d173822955\COMCTL32.dll
0x00007ffe59e60000 - 0x00007ffe59f79000 	C:\Windows\System32\gdi32full.dll
0x00007ffe5be90000 - 0x00007ffe5bf37000 	C:\Windows\System32\msvcrt.dll
0x00007ffe59d20000 - 0x00007ffe59dba000 	C:\Windows\System32\msvcp_win.dll
0x00007ffe5b8f0000 - 0x00007ffe5b921000 	C:\Windows\System32\IMM32.DLL
0x00007ffe380e0000 - 0x00007ffe380ec000 	C:\Users\34529\.jdks\openjdk-22.0.1\bin\vcruntime140_1.dll
0x00007ffe17580000 - 0x00007ffe1760e000 	C:\Users\34529\.jdks\openjdk-22.0.1\bin\msvcp140.dll
0x00007ffdf2290000 - 0x00007ffdf2fd7000 	C:\Users\34529\.jdks\openjdk-22.0.1\bin\server\jvm.dll
0x00007ffe5b950000 - 0x00007ffe5ba02000 	C:\Windows\System32\ADVAPI32.dll
0x00007ffe5c1f0000 - 0x00007ffe5c299000 	C:\Windows\System32\sechost.dll
0x00007ffe59dc0000 - 0x00007ffe59de8000 	C:\Windows\System32\bcrypt.dll
0x00007ffe5acf0000 - 0x00007ffe5ae04000 	C:\Windows\System32\RPCRT4.dll
0x00007ffe5b6b0000 - 0x00007ffe5b721000 	C:\Windows\System32\WS2_32.dll
0x00007ffe541f0000 - 0x00007ffe541fa000 	C:\Windows\SYSTEM32\VERSION.dll
0x00007ffe592a0000 - 0x00007ffe592ed000 	C:\Windows\SYSTEM32\POWRPROF.dll
0x00007ffe478c0000 - 0x00007ffe478f4000 	C:\Windows\SYSTEM32\WINMM.dll
0x00007ffe58d30000 - 0x00007ffe58d43000 	C:\Windows\SYSTEM32\UMPDC.dll
0x00007ffe57ee0000 - 0x00007ffe57ef8000 	C:\Windows\SYSTEM32\kernel.appcore.dll
0x00007ffe37030000 - 0x00007ffe3703a000 	C:\Users\34529\.jdks\openjdk-22.0.1\bin\jimage.dll
0x00007ffe59020000 - 0x00007ffe59252000 	C:\Windows\SYSTEM32\DBGHELP.DLL
0x00007ffe5b130000 - 0x00007ffe5b4b8000 	C:\Windows\System32\combase.dll
0x00007ffe5ae30000 - 0x00007ffe5af07000 	C:\Windows\System32\OLEAUT32.dll
0x00007ffe58f30000 - 0x00007ffe58f62000 	C:\Windows\SYSTEM32\dbgcore.DLL
0x00007ffe5a0f0000 - 0x00007ffe5a16b000 	C:\Windows\System32\bcryptPrimitives.dll
0x00007ffe36de0000 - 0x00007ffe36def000 	C:\Users\34529\.jdks\openjdk-22.0.1\bin\instrument.dll
0x00007ffe2ce40000 - 0x00007ffe2ce5e000 	C:\Users\34529\.jdks\openjdk-22.0.1\bin\java.dll
0x00007ffe5a380000 - 0x00007ffe5abdf000 	C:\Windows\System32\SHELL32.dll
0x00007ffe5b740000 - 0x00007ffe5b8e5000 	C:\Windows\System32\ole32.dll
0x00007ffe56c80000 - 0x00007ffe5757c000 	C:\Windows\SYSTEM32\windows.storage.dll
0x00007ffe56b40000 - 0x00007ffe56c7f000 	C:\Windows\SYSTEM32\wintypes.dll
0x00007ffe5bfc0000 - 0x00007ffe5c0b4000 	C:\Windows\System32\SHCORE.dll
0x00007ffe5b0d0000 - 0x00007ffe5b12e000 	C:\Windows\System32\shlwapi.dll
0x00007ffe59690000 - 0x00007ffe596b1000 	C:\Windows\SYSTEM32\profapi.dll
0x00007ffe174a0000 - 0x00007ffe17577000 	C:\Users\34529\.jdks\openjdk-22.0.1\bin\jsvml.dll
0x00007ffe2cbe0000 - 0x00007ffe2cbf7000 	C:\Users\34529\.jdks\openjdk-22.0.1\bin\zip.dll
0x00007ffe36db0000 - 0x00007ffe36dc0000 	C:\Users\34529\.jdks\openjdk-22.0.1\bin\net.dll
0x00007ffe58370000 - 0x00007ffe583d9000 	C:\Windows\system32\mswsock.dll
0x00007ffe2bbf0000 - 0x00007ffe2bc06000 	C:\Users\34529\.jdks\openjdk-22.0.1\bin\nio.dll
0x00007ffe29aa0000 - 0x00007ffe29aba000 	C:\Program Files\JetBrains\IntelliJ IDEA 2022.2.3\bin\breakgen64.dll
0x00007ffe33fa0000 - 0x00007ffe33fa9000 	C:\Users\34529\.jdks\openjdk-22.0.1\bin\extnet.dll

dbghelp: loaded successfully - version: 4.0.5 - missing functions: none
symbol engine: initialized successfully - sym options: 0x614 - pdb path: .;C:\Users\34529\.jdks\openjdk-22.0.1\bin;C:\Windows\SYSTEM32;C:\Windows\WinSxS\amd64_microsoft.windows.common-controls_6595b64144ccf1df_6.0.22621.3672_none_2713b9d173822955;C:\Users\34529\.jdks\openjdk-22.0.1\bin\server;C:\Program Files\JetBrains\IntelliJ IDEA 2022.2.3\bin

VM Arguments:
jvm_args: -javaagent:C:\Program Files\JetBrains\IntelliJ IDEA 2022.2.3\lib\idea_rt.jar=51194:C:\Program Files\JetBrains\IntelliJ IDEA 2022.2.3\bin -Dfile.encoding=GBK -Dsun.stdout.encoding=GBK -Dsun.stderr.encoding=GBK 
java_command: Team.CloudStorage.EAVONE.VNETest
java_class_path (initial): E:\实验程序\相关材料\VNE_GHG_4\bin
Launcher Type: SUN_STANDARD

[Global flags]
     intx CICompilerCount                          = 12                                        {product} {ergonomic}
     uint ConcGCThreads                            = 3                                         {product} {ergonomic}
     uint G1ConcRefinementThreads                  = 13                                        {product} {ergonomic}
   size_t G1HeapRegionSize                         = 2097152                                   {product} {ergonomic}
   size_t InitialHeapSize                          = 255852544                                 {product} {ergonomic}
   size_t MarkStackSize                            = 4194304                                   {product} {ergonomic}
   size_t MaxHeapSize                              = 4091543552                                {product} {ergonomic}
   size_t MaxNewSize                               = 2453667840                                {product} {ergonomic}
   size_t MinHeapDeltaBytes                        = 2097152                                   {product} {ergonomic}
   size_t MinHeapSize                              = 8388608                                   {product} {ergonomic}
    uintx NonNMethodCodeHeapSize                   = 7602480                                {pd product} {ergonomic}
    uintx NonProfiledCodeHeapSize                  = 122027880                              {pd product} {ergonomic}
    uintx ProfiledCodeHeapSize                     = 122027880                              {pd product} {ergonomic}
    uintx ReservedCodeCacheSize                    = 251658240                              {pd product} {ergonomic}
     bool SegmentedCodeCache                       = true                                      {product} {ergonomic}
   size_t SoftMaxHeapSize                          = 4091543552                             {manageable} {ergonomic}
     bool UseCompressedOops                        = true                           {product lp64_product} {ergonomic}
     bool UseG1GC                                  = true                                      {product} {ergonomic}
     bool UseLargePagesIndividualAllocation        = false                                  {pd product} {ergonomic}

Logging:
Log output configuration:
 #0: stdout all=warning uptime,level,tags foldmultilines=false
 #1: stderr all=off uptime,level,tags foldmultilines=false

Environment Variables:
PATH=C:\Program Files\Common Files\Oracle\Java\javapath;C:\Windows\system32;C:\Windows;C:\Windows\System32\Wbem;C:\Windows\System32\WindowsPowerShell\v1.0\;C:\Windows\System32\OpenSSH\;C:\Program Files\NVIDIA Corporation\NVIDIA NvDLISR;D:\bandzip\Bandizip\;C:\Program Files (x86)\NVIDIA Corporation\PhysX\Common;C:\Program Files\Git\cmd;C:\Users\34529\AppData\Local\Microsoft\WindowsApps;;C:\Program Files\JetBrains\IntelliJ IDEA 2022.2.3\bin;
USERNAME=DD
OS=Windows_NT
PROCESSOR_IDENTIFIER=AMD64 Family 25 Model 68 Stepping 1, AuthenticAMD
TMP=C:\Users\34529\AppData\Local\Temp
TEMP=C:\Users\34529\AppData\Local\Temp




Periodic native trim disabled

---------------  S Y S T E M  ---------------

OS:
 Windows 11 , 64 bit Build 22621 (10.0.22621.3672)
OS uptime: 0 days 9:10 hours

CPU: total 16 (initial active 16) (16 cores per cpu, 2 threads per core) family 25 model 68 stepping 1 microcode 0x0, cx8, cmov, fxsr, ht, mmx, 3dnowpref, sse, sse2, sse3, ssse3, sse4a, sse4.1, sse4.2, popcnt, lzcnt, tsc, tscinvbit, avx, avx2, aes, erms, clmul, bmi1, bmi2, adx, sha, fma, vzeroupper, clflush, clflushopt, rdtscp, rdpid, fsrm, f16c, pku, cet_ss
Processor Information for all 16 processors :
  Max Mhz: 3201, Current Mhz: 3201, Mhz Limit: 3201

Memory: 4k page, system-wide physical 15607M (1564M free)
TotalPageFile size 28408M (AvailPageFile size 44M)
current process WorkingSet (physical memory assigned to process): 734M, peak: 800M
current process commit charge ("private bytes"): 886M, peak: 952M

vm_info: OpenJDK 64-Bit Server VM (22.0.1+8-16) for windows-amd64 JRE (22.0.1+8-16), built on 2024-03-12T10:33:16Z by "mach5one" with MS VC++ 17.6 (VS2022)

END.
